{"C:\\Users\\escaf\\Documents\\Ynov\\Ynov\\vending-machine-svelte\\src\\core\\inventory.ts": {"path":"C:\\Users\\escaf\\Documents\\Ynov\\Ynov\\vending-machine-svelte\\src\\core\\inventory.ts","all":false,"statementMap":{"4":{"start":{"line":5,"column":0},"end":{"line":5,"column":46}},"5":{"start":{"line":6,"column":0},"end":{"line":6,"column":50}},"6":{"start":{"line":7,"column":0},"end":{"line":7,"column":68}},"7":{"start":{"line":8,"column":0},"end":{"line":8,"column":64}},"8":{"start":{"line":9,"column":0},"end":{"line":9,"column":68}},"9":{"start":{"line":10,"column":0},"end":{"line":10,"column":68}},"10":{"start":{"line":11,"column":0},"end":{"line":11,"column":72}},"11":{"start":{"line":12,"column":0},"end":{"line":12,"column":71}},"12":{"start":{"line":13,"column":0},"end":{"line":13,"column":7}},"14":{"start":{"line":15,"column":0},"end":{"line":15,"column":45}},"15":{"start":{"line":16,"column":0},"end":{"line":16,"column":18}},"16":{"start":{"line":17,"column":0},"end":{"line":17,"column":18}},"17":{"start":{"line":18,"column":0},"end":{"line":18,"column":18}},"18":{"start":{"line":19,"column":0},"end":{"line":19,"column":18}},"19":{"start":{"line":20,"column":0},"end":{"line":20,"column":18}},"20":{"start":{"line":21,"column":0},"end":{"line":21,"column":17}},"21":{"start":{"line":22,"column":0},"end":{"line":22,"column":7}},"23":{"start":{"line":24,"column":0},"end":{"line":24,"column":44}},"24":{"start":{"line":25,"column":0},"end":{"line":25,"column":54}},"25":{"start":{"line":26,"column":0},"end":{"line":26,"column":5}},"27":{"start":{"line":28,"column":0},"end":{"line":28,"column":43}},"28":{"start":{"line":29,"column":0},"end":{"line":29,"column":48}},"29":{"start":{"line":30,"column":0},"end":{"line":30,"column":5}},"31":{"start":{"line":32,"column":0},"end":{"line":32,"column":43}},"32":{"start":{"line":33,"column":0},"end":{"line":33,"column":57}},"33":{"start":{"line":34,"column":0},"end":{"line":34,"column":26}},"34":{"start":{"line":35,"column":0},"end":{"line":35,"column":53}},"35":{"start":{"line":36,"column":0},"end":{"line":36,"column":9}},"36":{"start":{"line":37,"column":0},"end":{"line":37,"column":5}},"38":{"start":{"line":39,"column":0},"end":{"line":39,"column":59}},"39":{"start":{"line":40,"column":0},"end":{"line":40,"column":57}},"40":{"start":{"line":41,"column":0},"end":{"line":41,"column":56}},"41":{"start":{"line":42,"column":0},"end":{"line":42,"column":5}},"43":{"start":{"line":44,"column":0},"end":{"line":44,"column":59}},"44":{"start":{"line":45,"column":0},"end":{"line":45,"column":46}},"45":{"start":{"line":46,"column":0},"end":{"line":46,"column":5}},"47":{"start":{"line":48,"column":0},"end":{"line":48,"column":40}},"48":{"start":{"line":49,"column":0},"end":{"line":49,"column":66}},"49":{"start":{"line":50,"column":0},"end":{"line":50,"column":17}},"50":{"start":{"line":51,"column":0},"end":{"line":51,"column":31}},"51":{"start":{"line":52,"column":0},"end":{"line":52,"column":33}},"52":{"start":{"line":53,"column":0},"end":{"line":53,"column":39}},"53":{"start":{"line":54,"column":0},"end":{"line":54,"column":38}},"54":{"start":{"line":55,"column":0},"end":{"line":55,"column":22}},"55":{"start":{"line":56,"column":0},"end":{"line":56,"column":5}},"56":{"start":{"line":57,"column":0},"end":{"line":57,"column":1}}},"s":{"4":1,"5":9,"6":9,"7":9,"8":9,"9":9,"10":9,"11":9,"12":9,"14":9,"15":9,"16":9,"17":9,"18":9,"19":9,"20":9,"21":9,"23":9,"24":3,"25":3,"27":9,"28":2,"29":2,"31":9,"32":2,"33":2,"34":2,"35":2,"36":2,"38":9,"39":0,"40":0,"41":0,"43":9,"44":6,"45":6,"47":9,"48":0,"49":0,"50":0,"51":0,"52":0,"53":0,"54":0,"55":0,"56":9},"branchMap":{"0":{"type":"branch","line":5,"loc":{"start":{"line":5,"column":45},"end":{"line":57,"column":1}},"locations":[{"start":{"line":5,"column":45},"end":{"line":57,"column":1}}]},"1":{"type":"branch","line":24,"loc":{"start":{"line":24,"column":4},"end":{"line":26,"column":5}},"locations":[{"start":{"line":24,"column":4},"end":{"line":26,"column":5}}]},"2":{"type":"branch","line":25,"loc":{"start":{"line":25,"column":42},"end":{"line":25,"column":52}},"locations":[{"start":{"line":25,"column":42},"end":{"line":25,"column":52}}]},"3":{"type":"branch","line":28,"loc":{"start":{"line":28,"column":4},"end":{"line":30,"column":5}},"locations":[{"start":{"line":28,"column":4},"end":{"line":30,"column":5}}]},"4":{"type":"branch","line":29,"loc":{"start":{"line":29,"column":41},"end":{"line":29,"column":48}},"locations":[{"start":{"line":29,"column":41},"end":{"line":29,"column":48}}]},"5":{"type":"branch","line":32,"loc":{"start":{"line":32,"column":4},"end":{"line":37,"column":5}},"locations":[{"start":{"line":32,"column":4},"end":{"line":37,"column":5}}]},"6":{"type":"branch","line":33,"loc":{"start":{"line":33,"column":50},"end":{"line":33,"column":57}},"locations":[{"start":{"line":33,"column":50},"end":{"line":33,"column":57}}]},"7":{"type":"branch","line":44,"loc":{"start":{"line":44,"column":4},"end":{"line":46,"column":5}},"locations":[{"start":{"line":44,"column":4},"end":{"line":46,"column":5}}]}},"b":{"0":[9],"1":[3],"2":[0],"3":[2],"4":[0],"5":[2],"6":[0],"7":[6]},"fnMap":{"0":{"name":"<instance_members_initializer>","decl":{"start":{"line":5,"column":45},"end":{"line":57,"column":1}},"loc":{"start":{"line":5,"column":45},"end":{"line":57,"column":1}},"line":5},"1":{"name":"hasStock","decl":{"start":{"line":24,"column":4},"end":{"line":26,"column":5}},"loc":{"start":{"line":24,"column":4},"end":{"line":26,"column":5}},"line":24},"2":{"name":"getStock","decl":{"start":{"line":28,"column":4},"end":{"line":30,"column":5}},"loc":{"start":{"line":28,"column":4},"end":{"line":30,"column":5}},"line":28},"3":{"name":"removeItem","decl":{"start":{"line":32,"column":4},"end":{"line":37,"column":5}},"loc":{"start":{"line":32,"column":4},"end":{"line":37,"column":5}},"line":32},"4":{"name":"addStock","decl":{"start":{"line":39,"column":4},"end":{"line":42,"column":5}},"loc":{"start":{"line":39,"column":4},"end":{"line":42,"column":5}},"line":39},"5":{"name":"getProduct","decl":{"start":{"line":44,"column":4},"end":{"line":46,"column":5}},"loc":{"start":{"line":44,"column":4},"end":{"line":46,"column":5}},"line":44},"6":{"name":"getAllProducts","decl":{"start":{"line":48,"column":4},"end":{"line":56,"column":5}},"loc":{"start":{"line":48,"column":4},"end":{"line":56,"column":5}},"line":48}},"f":{"0":9,"1":3,"2":2,"3":2,"4":0,"5":6,"6":0}}
,"C:\\Users\\escaf\\Documents\\Ynov\\Ynov\\vending-machine-svelte\\src\\core\\vendingMachine.ts": {"path":"C:\\Users\\escaf\\Documents\\Ynov\\Ynov\\vending-machine-svelte\\src\\core\\vendingMachine.ts","all":false,"statementMap":{"2":{"start":{"line":3,"column":0},"end":{"line":3,"column":44}},"6":{"start":{"line":7,"column":0},"end":{"line":7,"column":29}},"7":{"start":{"line":8,"column":0},"end":{"line":8,"column":38}},"8":{"start":{"line":9,"column":0},"end":{"line":9,"column":52}},"9":{"start":{"line":10,"column":0},"end":{"line":10,"column":54}},"10":{"start":{"line":11,"column":0},"end":{"line":11,"column":33}},"11":{"start":{"line":12,"column":0},"end":{"line":12,"column":52}},"12":{"start":{"line":13,"column":0},"end":{"line":13,"column":39}},"14":{"start":{"line":15,"column":0},"end":{"line":15,"column":70}},"15":{"start":{"line":16,"column":0},"end":{"line":16,"column":54}},"16":{"start":{"line":17,"column":0},"end":{"line":17,"column":50}},"17":{"start":{"line":18,"column":0},"end":{"line":18,"column":5}},"19":{"start":{"line":20,"column":0},"end":{"line":20,"column":41}},"20":{"start":{"line":21,"column":0},"end":{"line":21,"column":82}},"21":{"start":{"line":22,"column":0},"end":{"line":22,"column":5}},"23":{"start":{"line":24,"column":0},"end":{"line":24,"column":48}},"24":{"start":{"line":25,"column":0},"end":{"line":25,"column":29}},"25":{"start":{"line":26,"column":0},"end":{"line":26,"column":5}},"27":{"start":{"line":28,"column":0},"end":{"line":28,"column":33}},"28":{"start":{"line":29,"column":0},"end":{"line":29,"column":26}},"29":{"start":{"line":30,"column":0},"end":{"line":30,"column":35}},"30":{"start":{"line":31,"column":0},"end":{"line":31,"column":48}},"31":{"start":{"line":32,"column":0},"end":{"line":32,"column":26}},"32":{"start":{"line":33,"column":0},"end":{"line":33,"column":42}},"33":{"start":{"line":34,"column":0},"end":{"line":34,"column":35}},"34":{"start":{"line":35,"column":0},"end":{"line":35,"column":63}},"35":{"start":{"line":36,"column":0},"end":{"line":36,"column":18}},"36":{"start":{"line":37,"column":0},"end":{"line":37,"column":41}},"37":{"start":{"line":38,"column":0},"end":{"line":38,"column":15}},"38":{"start":{"line":39,"column":0},"end":{"line":39,"column":80}},"39":{"start":{"line":40,"column":0},"end":{"line":40,"column":9}},"40":{"start":{"line":41,"column":0},"end":{"line":41,"column":37}},"41":{"start":{"line":42,"column":0},"end":{"line":42,"column":5}},"43":{"start":{"line":44,"column":0},"end":{"line":44,"column":32}},"44":{"start":{"line":45,"column":0},"end":{"line":45,"column":34}},"45":{"start":{"line":46,"column":0},"end":{"line":46,"column":5}},"47":{"start":{"line":48,"column":0},"end":{"line":48,"column":43}},"48":{"start":{"line":49,"column":0},"end":{"line":49,"column":56}},"49":{"start":{"line":50,"column":0},"end":{"line":50,"column":23}},"50":{"start":{"line":51,"column":0},"end":{"line":51,"column":35}},"51":{"start":{"line":52,"column":0},"end":{"line":52,"column":47}},"52":{"start":{"line":53,"column":0},"end":{"line":53,"column":26}},"53":{"start":{"line":54,"column":0},"end":{"line":54,"column":38}},"54":{"start":{"line":55,"column":0},"end":{"line":55,"column":43}},"55":{"start":{"line":56,"column":0},"end":{"line":56,"column":18}},"56":{"start":{"line":57,"column":0},"end":{"line":57,"column":41}},"57":{"start":{"line":58,"column":0},"end":{"line":58,"column":15}},"58":{"start":{"line":59,"column":0},"end":{"line":59,"column":49}},"59":{"start":{"line":60,"column":0},"end":{"line":60,"column":9}},"60":{"start":{"line":61,"column":0},"end":{"line":61,"column":39}},"61":{"start":{"line":62,"column":0},"end":{"line":62,"column":40}},"62":{"start":{"line":63,"column":0},"end":{"line":63,"column":23}},"63":{"start":{"line":64,"column":0},"end":{"line":64,"column":5}},"65":{"start":{"line":66,"column":0},"end":{"line":66,"column":24}},"66":{"start":{"line":67,"column":0},"end":{"line":67,"column":65}},"67":{"start":{"line":68,"column":0},"end":{"line":68,"column":35}},"68":{"start":{"line":69,"column":0},"end":{"line":69,"column":47}},"69":{"start":{"line":70,"column":0},"end":{"line":70,"column":26}},"70":{"start":{"line":71,"column":0},"end":{"line":71,"column":47}},"71":{"start":{"line":72,"column":0},"end":{"line":72,"column":49}},"72":{"start":{"line":73,"column":0},"end":{"line":73,"column":18}},"73":{"start":{"line":74,"column":0},"end":{"line":74,"column":41}},"74":{"start":{"line":75,"column":0},"end":{"line":75,"column":15}},"75":{"start":{"line":76,"column":0},"end":{"line":76,"column":51}},"76":{"start":{"line":77,"column":0},"end":{"line":77,"column":9}},"78":{"start":{"line":79,"column":0},"end":{"line":79,"column":65}},"79":{"start":{"line":80,"column":0},"end":{"line":80,"column":35}},"80":{"start":{"line":81,"column":0},"end":{"line":81,"column":42}},"81":{"start":{"line":82,"column":0},"end":{"line":82,"column":26}},"82":{"start":{"line":83,"column":0},"end":{"line":83,"column":58}},"83":{"start":{"line":84,"column":0},"end":{"line":84,"column":58}},"84":{"start":{"line":85,"column":0},"end":{"line":85,"column":18}},"85":{"start":{"line":86,"column":0},"end":{"line":86,"column":41}},"86":{"start":{"line":87,"column":0},"end":{"line":87,"column":15}},"87":{"start":{"line":88,"column":0},"end":{"line":88,"column":44}},"88":{"start":{"line":89,"column":0},"end":{"line":89,"column":9}},"90":{"start":{"line":91,"column":0},"end":{"line":91,"column":62}},"91":{"start":{"line":92,"column":0},"end":{"line":92,"column":35}},"92":{"start":{"line":93,"column":0},"end":{"line":93,"column":48}},"93":{"start":{"line":94,"column":0},"end":{"line":94,"column":26}},"94":{"start":{"line":95,"column":0},"end":{"line":95,"column":58}},"95":{"start":{"line":96,"column":0},"end":{"line":96,"column":61}},"96":{"start":{"line":97,"column":0},"end":{"line":97,"column":55}},"97":{"start":{"line":98,"column":0},"end":{"line":98,"column":78}},"98":{"start":{"line":99,"column":0},"end":{"line":99,"column":18}},"99":{"start":{"line":100,"column":0},"end":{"line":100,"column":41}},"100":{"start":{"line":101,"column":0},"end":{"line":101,"column":15}},"101":{"start":{"line":102,"column":0},"end":{"line":102,"column":50}},"102":{"start":{"line":103,"column":0},"end":{"line":103,"column":9}},"104":{"start":{"line":105,"column":0},"end":{"line":105,"column":77}},"106":{"start":{"line":107,"column":0},"end":{"line":107,"column":78}},"107":{"start":{"line":108,"column":0},"end":{"line":108,"column":35}},"108":{"start":{"line":109,"column":0},"end":{"line":109,"column":48}},"109":{"start":{"line":110,"column":0},"end":{"line":110,"column":26}},"110":{"start":{"line":111,"column":0},"end":{"line":111,"column":58}},"111":{"start":{"line":112,"column":0},"end":{"line":112,"column":47}},"112":{"start":{"line":113,"column":0},"end":{"line":113,"column":84}},"113":{"start":{"line":114,"column":0},"end":{"line":114,"column":18}},"114":{"start":{"line":115,"column":0},"end":{"line":115,"column":41}},"115":{"start":{"line":116,"column":0},"end":{"line":116,"column":15}},"116":{"start":{"line":117,"column":0},"end":{"line":117,"column":78}},"117":{"start":{"line":118,"column":0},"end":{"line":118,"column":9}},"119":{"start":{"line":120,"column":0},"end":{"line":120,"column":98}},"121":{"start":{"line":122,"column":0},"end":{"line":122,"column":30}},"122":{"start":{"line":123,"column":0},"end":{"line":123,"column":50}},"123":{"start":{"line":124,"column":0},"end":{"line":124,"column":51}},"124":{"start":{"line":125,"column":0},"end":{"line":125,"column":46}},"125":{"start":{"line":126,"column":0},"end":{"line":126,"column":43}},"126":{"start":{"line":127,"column":0},"end":{"line":127,"column":33}},"127":{"start":{"line":128,"column":0},"end":{"line":128,"column":37}},"128":{"start":{"line":129,"column":0},"end":{"line":129,"column":37}},"129":{"start":{"line":130,"column":0},"end":{"line":130,"column":11}},"131":{"start":{"line":132,"column":0},"end":{"line":132,"column":57}},"132":{"start":{"line":133,"column":0},"end":{"line":133,"column":60}},"134":{"start":{"line":135,"column":0},"end":{"line":135,"column":16}},"135":{"start":{"line":136,"column":0},"end":{"line":136,"column":26}},"136":{"start":{"line":137,"column":0},"end":{"line":137,"column":33}},"137":{"start":{"line":138,"column":0},"end":{"line":138,"column":48}},"138":{"start":{"line":139,"column":0},"end":{"line":139,"column":55}},"139":{"start":{"line":140,"column":0},"end":{"line":140,"column":10}},"140":{"start":{"line":141,"column":0},"end":{"line":141,"column":5}},"142":{"start":{"line":143,"column":0},"end":{"line":143,"column":19}},"143":{"start":{"line":144,"column":0},"end":{"line":144,"column":39}},"144":{"start":{"line":145,"column":0},"end":{"line":145,"column":35}},"145":{"start":{"line":146,"column":0},"end":{"line":146,"column":48}},"146":{"start":{"line":147,"column":0},"end":{"line":147,"column":26}},"147":{"start":{"line":148,"column":0},"end":{"line":148,"column":42}},"148":{"start":{"line":149,"column":0},"end":{"line":149,"column":49}},"149":{"start":{"line":150,"column":0},"end":{"line":150,"column":18}},"150":{"start":{"line":151,"column":0},"end":{"line":151,"column":41}},"151":{"start":{"line":152,"column":0},"end":{"line":152,"column":15}},"152":{"start":{"line":153,"column":0},"end":{"line":153,"column":51}},"153":{"start":{"line":154,"column":0},"end":{"line":154,"column":9}},"155":{"start":{"line":156,"column":0},"end":{"line":156,"column":74}},"156":{"start":{"line":157,"column":0},"end":{"line":157,"column":27}},"157":{"start":{"line":158,"column":0},"end":{"line":158,"column":35}},"158":{"start":{"line":159,"column":0},"end":{"line":159,"column":48}},"159":{"start":{"line":160,"column":0},"end":{"line":160,"column":26}},"160":{"start":{"line":161,"column":0},"end":{"line":161,"column":42}},"161":{"start":{"line":162,"column":0},"end":{"line":162,"column":55}},"162":{"start":{"line":163,"column":0},"end":{"line":163,"column":84}},"163":{"start":{"line":164,"column":0},"end":{"line":164,"column":18}},"164":{"start":{"line":165,"column":0},"end":{"line":165,"column":41}},"165":{"start":{"line":166,"column":0},"end":{"line":166,"column":15}},"166":{"start":{"line":167,"column":0},"end":{"line":167,"column":78}},"167":{"start":{"line":168,"column":0},"end":{"line":168,"column":9}},"169":{"start":{"line":170,"column":0},"end":{"line":170,"column":50}},"170":{"start":{"line":171,"column":0},"end":{"line":171,"column":31}},"172":{"start":{"line":173,"column":0},"end":{"line":173,"column":16}},"173":{"start":{"line":174,"column":0},"end":{"line":174,"column":26}},"174":{"start":{"line":175,"column":0},"end":{"line":175,"column":43}},"175":{"start":{"line":176,"column":0},"end":{"line":176,"column":36}},"176":{"start":{"line":177,"column":0},"end":{"line":177,"column":10}},"177":{"start":{"line":178,"column":0},"end":{"line":178,"column":5}},"179":{"start":{"line":180,"column":0},"end":{"line":180,"column":37}},"180":{"start":{"line":181,"column":0},"end":{"line":181,"column":47}},"181":{"start":{"line":182,"column":0},"end":{"line":182,"column":5}},"183":{"start":{"line":184,"column":0},"end":{"line":184,"column":43}},"184":{"start":{"line":185,"column":0},"end":{"line":185,"column":27}},"185":{"start":{"line":186,"column":0},"end":{"line":186,"column":5}},"187":{"start":{"line":188,"column":0},"end":{"line":188,"column":35}},"188":{"start":{"line":189,"column":0},"end":{"line":189,"column":30}},"189":{"start":{"line":190,"column":0},"end":{"line":190,"column":5}},"190":{"start":{"line":191,"column":0},"end":{"line":191,"column":1}}},"s":{"2":1,"6":1,"7":11,"8":11,"9":11,"10":11,"11":11,"12":11,"14":11,"15":11,"16":11,"17":11,"19":11,"20":11,"21":11,"23":11,"24":11,"25":11,"27":11,"28":10,"29":2,"30":2,"31":2,"32":2,"33":2,"34":2,"35":2,"36":2,"37":2,"38":2,"39":2,"40":8,"41":10,"43":11,"44":1,"45":1,"47":11,"48":8,"49":8,"50":1,"51":1,"52":1,"53":1,"54":1,"55":1,"56":1,"57":1,"58":1,"59":1,"60":7,"61":7,"62":7,"63":8,"65":11,"66":6,"67":1,"68":1,"69":1,"70":1,"71":1,"72":1,"73":1,"74":1,"75":1,"76":1,"78":6,"79":1,"80":1,"81":1,"82":1,"83":1,"84":1,"85":1,"86":1,"87":1,"88":1,"90":6,"91":1,"92":1,"93":1,"94":1,"95":1,"96":1,"97":1,"98":1,"99":1,"100":1,"101":1,"102":1,"104":3,"106":6,"107":0,"108":0,"109":0,"110":0,"111":0,"112":0,"113":0,"114":0,"115":0,"116":0,"117":0,"119":6,"121":6,"122":6,"123":6,"124":6,"125":6,"126":6,"127":6,"128":6,"129":6,"131":6,"132":6,"134":6,"135":6,"136":6,"137":6,"138":6,"139":6,"140":6,"142":11,"143":0,"144":0,"145":0,"146":0,"147":0,"148":0,"149":0,"150":0,"151":0,"152":0,"153":0,"155":0,"156":0,"157":0,"158":0,"159":0,"160":0,"161":0,"162":0,"163":0,"164":0,"165":0,"166":0,"167":0,"169":0,"170":0,"172":0,"173":0,"174":0,"175":0,"176":0,"177":0,"179":11,"180":0,"181":0,"183":11,"184":0,"185":0,"187":11,"188":0,"189":0,"190":11},"branchMap":{"0":{"type":"branch","line":7,"loc":{"start":{"line":7,"column":28},"end":{"line":191,"column":1}},"locations":[{"start":{"line":7,"column":28},"end":{"line":191,"column":1}}]},"1":{"type":"branch","line":15,"loc":{"start":{"line":15,"column":4},"end":{"line":18,"column":5}},"locations":[{"start":{"line":15,"column":4},"end":{"line":18,"column":5}}]},"2":{"type":"branch","line":16,"loc":{"start":{"line":16,"column":25},"end":{"line":16,"column":54}},"locations":[{"start":{"line":16,"column":25},"end":{"line":16,"column":54}}]},"3":{"type":"branch","line":20,"loc":{"start":{"line":20,"column":12},"end":{"line":22,"column":5}},"locations":[{"start":{"line":20,"column":12},"end":{"line":22,"column":5}}]},"4":{"type":"branch","line":24,"loc":{"start":{"line":24,"column":4},"end":{"line":26,"column":5}},"locations":[{"start":{"line":24,"column":4},"end":{"line":26,"column":5}}]},"5":{"type":"branch","line":28,"loc":{"start":{"line":28,"column":4},"end":{"line":42,"column":5}},"locations":[{"start":{"line":28,"column":4},"end":{"line":42,"column":5}}]},"6":{"type":"branch","line":29,"loc":{"start":{"line":29,"column":25},"end":{"line":40,"column":9}},"locations":[{"start":{"line":29,"column":25},"end":{"line":40,"column":9}}]},"7":{"type":"branch","line":40,"loc":{"start":{"line":40,"column":8},"end":{"line":41,"column":37}},"locations":[{"start":{"line":40,"column":8},"end":{"line":41,"column":37}}]},"8":{"type":"branch","line":44,"loc":{"start":{"line":44,"column":4},"end":{"line":46,"column":5}},"locations":[{"start":{"line":44,"column":4},"end":{"line":46,"column":5}}]},"9":{"type":"branch","line":48,"loc":{"start":{"line":48,"column":4},"end":{"line":64,"column":5}},"locations":[{"start":{"line":48,"column":4},"end":{"line":64,"column":5}}]},"10":{"type":"branch","line":50,"loc":{"start":{"line":50,"column":22},"end":{"line":60,"column":9}},"locations":[{"start":{"line":50,"column":22},"end":{"line":60,"column":9}}]},"11":{"type":"branch","line":60,"loc":{"start":{"line":60,"column":8},"end":{"line":63,"column":23}},"locations":[{"start":{"line":60,"column":8},"end":{"line":63,"column":23}}]},"12":{"type":"branch","line":66,"loc":{"start":{"line":66,"column":4},"end":{"line":141,"column":5}},"locations":[{"start":{"line":66,"column":4},"end":{"line":141,"column":5}}]},"13":{"type":"branch","line":67,"loc":{"start":{"line":67,"column":18},"end":{"line":67,"column":64}},"locations":[{"start":{"line":67,"column":18},"end":{"line":67,"column":64}}]},"14":{"type":"branch","line":67,"loc":{"start":{"line":67,"column":64},"end":{"line":77,"column":9}},"locations":[{"start":{"line":67,"column":64},"end":{"line":77,"column":9}}]},"15":{"type":"branch","line":77,"loc":{"start":{"line":77,"column":8},"end":{"line":79,"column":64}},"locations":[{"start":{"line":77,"column":8},"end":{"line":79,"column":64}}]},"16":{"type":"branch","line":79,"loc":{"start":{"line":79,"column":64},"end":{"line":89,"column":9}},"locations":[{"start":{"line":79,"column":64},"end":{"line":89,"column":9}}]},"17":{"type":"branch","line":89,"loc":{"start":{"line":89,"column":8},"end":{"line":91,"column":61}},"locations":[{"start":{"line":89,"column":8},"end":{"line":91,"column":61}}]},"18":{"type":"branch","line":91,"loc":{"start":{"line":91,"column":61},"end":{"line":103,"column":9}},"locations":[{"start":{"line":91,"column":61},"end":{"line":103,"column":9}}]},"19":{"type":"branch","line":103,"loc":{"start":{"line":103,"column":8},"end":{"line":107,"column":77}},"locations":[{"start":{"line":103,"column":8},"end":{"line":107,"column":77}}]},"20":{"type":"branch","line":107,"loc":{"start":{"line":107,"column":77},"end":{"line":118,"column":9}},"locations":[{"start":{"line":107,"column":77},"end":{"line":118,"column":9}}]},"21":{"type":"branch","line":118,"loc":{"start":{"line":118,"column":8},"end":{"line":120,"column":95}},"locations":[{"start":{"line":118,"column":8},"end":{"line":120,"column":95}}]},"22":{"type":"branch","line":120,"loc":{"start":{"line":120,"column":85},"end":{"line":120,"column":95}},"locations":[{"start":{"line":120,"column":85},"end":{"line":120,"column":95}}]},"23":{"type":"branch","line":120,"loc":{"start":{"line":120,"column":91},"end":{"line":120,"column":98}},"locations":[{"start":{"line":120,"column":91},"end":{"line":120,"column":98}}]},"24":{"type":"branch","line":122,"loc":{"start":{"line":122,"column":13},"end":{"line":122,"column":29}},"locations":[{"start":{"line":122,"column":13},"end":{"line":122,"column":29}}]}},"b":{"0":[11],"1":[11],"2":[0],"3":[11],"4":[11],"5":[10],"6":[2],"7":[8],"8":[1],"9":[8],"10":[1],"11":[7],"12":[6],"13":[5],"14":[1],"15":[5],"16":[1],"17":[4],"18":[1],"19":[3],"20":[0],"21":[3],"22":[0],"23":[0],"24":[3]},"fnMap":{"0":{"name":"<instance_members_initializer>","decl":{"start":{"line":7,"column":28},"end":{"line":191,"column":1}},"loc":{"start":{"line":7,"column":28},"end":{"line":191,"column":1}},"line":7},"1":{"name":"VendingMachine","decl":{"start":{"line":15,"column":4},"end":{"line":18,"column":5}},"loc":{"start":{"line":15,"column":4},"end":{"line":18,"column":5}},"line":15},"2":{"name":"generateSessionId","decl":{"start":{"line":20,"column":12},"end":{"line":22,"column":5}},"loc":{"start":{"line":20,"column":12},"end":{"line":22,"column":5}},"line":20},"3":{"name":"setLogger","decl":{"start":{"line":24,"column":4},"end":{"line":26,"column":5}},"loc":{"start":{"line":24,"column":4},"end":{"line":26,"column":5}},"line":24},"4":{"name":"insertMoney","decl":{"start":{"line":28,"column":4},"end":{"line":42,"column":5}},"loc":{"start":{"line":28,"column":4},"end":{"line":42,"column":5}},"line":28},"5":{"name":"getTotalInserted","decl":{"start":{"line":44,"column":4},"end":{"line":46,"column":5}},"loc":{"start":{"line":44,"column":4},"end":{"line":46,"column":5}},"line":44},"6":{"name":"selectProduct","decl":{"start":{"line":48,"column":4},"end":{"line":64,"column":5}},"loc":{"start":{"line":48,"column":4},"end":{"line":64,"column":5}},"line":48},"7":{"name":"completePurchase","decl":{"start":{"line":66,"column":4},"end":{"line":141,"column":5}},"loc":{"start":{"line":66,"column":4},"end":{"line":141,"column":5}},"line":66},"8":{"name":"refundMoney","decl":{"start":{"line":143,"column":4},"end":{"line":178,"column":5}},"loc":{"start":{"line":143,"column":4},"end":{"line":178,"column":5}},"line":143},"9":{"name":"getProducts","decl":{"start":{"line":180,"column":4},"end":{"line":182,"column":5}},"loc":{"start":{"line":180,"column":4},"end":{"line":182,"column":5}},"line":180},"10":{"name":"getLogger","decl":{"start":{"line":184,"column":4},"end":{"line":186,"column":5}},"loc":{"start":{"line":184,"column":4},"end":{"line":186,"column":5}},"line":184},"11":{"name":"getCurrentSessionId","decl":{"start":{"line":188,"column":4},"end":{"line":190,"column":5}},"loc":{"start":{"line":188,"column":4},"end":{"line":190,"column":5}},"line":188}},"f":{"0":11,"1":11,"2":11,"3":11,"4":10,"5":1,"6":8,"7":6,"8":0,"9":0,"10":0,"11":0}}
,"C:\\Users\\escaf\\Documents\\Ynov\\Ynov\\vending-machine-svelte\\src\\core\\factories\\VendingMachineFactory.ts": {"path":"C:\\Users\\escaf\\Documents\\Ynov\\Ynov\\vending-machine-svelte\\src\\core\\factories\\VendingMachineFactory.ts","all":false,"statementMap":{"1":{"start":{"line":2,"column":0},"end":{"line":2,"column":51}},"2":{"start":{"line":3,"column":0},"end":{"line":3,"column":41}},"3":{"start":{"line":4,"column":0},"end":{"line":4,"column":47}},"4":{"start":{"line":5,"column":0},"end":{"line":5,"column":64}},"10":{"start":{"line":11,"column":0},"end":{"line":11,"column":74}},"11":{"start":{"line":12,"column":0},"end":{"line":12,"column":73}},"12":{"start":{"line":13,"column":0},"end":{"line":13,"column":62}},"14":{"start":{"line":15,"column":0},"end":{"line":15,"column":42}},"15":{"start":{"line":16,"column":0},"end":{"line":16,"column":36}},"16":{"start":{"line":17,"column":0},"end":{"line":17,"column":36}},"17":{"start":{"line":18,"column":0},"end":{"line":18,"column":35}},"18":{"start":{"line":19,"column":0},"end":{"line":19,"column":35}},"19":{"start":{"line":20,"column":0},"end":{"line":20,"column":35}},"21":{"start":{"line":22,"column":0},"end":{"line":22,"column":79}},"23":{"start":{"line":24,"column":0},"end":{"line":24,"column":55}},"24":{"start":{"line":25,"column":0},"end":{"line":25,"column":65}},"26":{"start":{"line":27,"column":0},"end":{"line":27,"column":30}},"27":{"start":{"line":28,"column":0},"end":{"line":28,"column":5}},"28":{"start":{"line":29,"column":0},"end":{"line":29,"column":1}},"30":{"start":{"line":31,"column":0},"end":{"line":31,"column":74}},"31":{"start":{"line":32,"column":0},"end":{"line":32,"column":73}},"32":{"start":{"line":33,"column":0},"end":{"line":33,"column":62}},"34":{"start":{"line":35,"column":0},"end":{"line":35,"column":42}},"35":{"start":{"line":36,"column":0},"end":{"line":36,"column":36}},"36":{"start":{"line":37,"column":0},"end":{"line":37,"column":36}},"37":{"start":{"line":38,"column":0},"end":{"line":38,"column":35}},"38":{"start":{"line":39,"column":0},"end":{"line":39,"column":35}},"39":{"start":{"line":40,"column":0},"end":{"line":40,"column":35}},"41":{"start":{"line":42,"column":0},"end":{"line":42,"column":79}},"43":{"start":{"line":44,"column":0},"end":{"line":44,"column":55}},"44":{"start":{"line":45,"column":0},"end":{"line":45,"column":65}},"46":{"start":{"line":47,"column":0},"end":{"line":47,"column":30}},"47":{"start":{"line":48,"column":0},"end":{"line":48,"column":5}},"48":{"start":{"line":49,"column":0},"end":{"line":49,"column":1}},"50":{"start":{"line":51,"column":0},"end":{"line":51,"column":69}}},"s":{"1":1,"2":1,"3":1,"4":1,"10":1,"11":1,"12":11,"14":11,"15":11,"16":11,"17":11,"18":11,"19":11,"21":11,"23":11,"24":11,"26":11,"27":11,"28":1,"30":1,"31":1,"32":0,"34":0,"35":0,"36":0,"37":0,"38":0,"39":0,"41":0,"43":0,"44":0,"46":0,"47":0,"48":1,"50":1},"branchMap":{"0":{"type":"branch","line":12,"loc":{"start":{"line":12,"column":11},"end":{"line":28,"column":5}},"locations":[{"start":{"line":12,"column":11},"end":{"line":28,"column":5}}]},"1":{"type":"branch","line":13,"loc":{"start":{"line":13,"column":33},"end":{"line":13,"column":62}},"locations":[{"start":{"line":13,"column":33},"end":{"line":13,"column":62}}]}},"b":{"0":[11],"1":[8]},"fnMap":{"0":{"name":"createVendingMachine","decl":{"start":{"line":12,"column":11},"end":{"line":28,"column":5}},"loc":{"start":{"line":12,"column":11},"end":{"line":28,"column":5}},"line":12},"1":{"name":"createVendingMachine","decl":{"start":{"line":32,"column":11},"end":{"line":48,"column":5}},"loc":{"start":{"line":32,"column":11},"end":{"line":48,"column":5}},"line":32}},"f":{"0":11,"1":0}}
,"C:\\Users\\escaf\\Documents\\Ynov\\Ynov\\vending-machine-svelte\\src\\core\\logger\\TransactionLogger.ts": {"path":"C:\\Users\\escaf\\Documents\\Ynov\\Ynov\\vending-machine-svelte\\src\\core\\logger\\TransactionLogger.ts","all":false,"statementMap":{"2":{"start":{"line":3,"column":0},"end":{"line":3,"column":62}},"3":{"start":{"line":4,"column":0},"end":{"line":4,"column":44}},"4":{"start":{"line":5,"column":0},"end":{"line":5,"column":37}},"5":{"start":{"line":6,"column":0},"end":{"line":6,"column":55}},"7":{"start":{"line":8,"column":0},"end":{"line":8,"column":16}},"8":{"start":{"line":9,"column":0},"end":{"line":9,"column":25}},"9":{"start":{"line":10,"column":0},"end":{"line":10,"column":2}},"11":{"start":{"line":12,"column":0},"end":{"line":12,"column":42}},"12":{"start":{"line":13,"column":0},"end":{"line":13,"column":36}},"13":{"start":{"line":14,"column":0},"end":{"line":14,"column":56}},"14":{"start":{"line":15,"column":0},"end":{"line":15,"column":3}},"15":{"start":{"line":16,"column":0},"end":{"line":16,"column":36}},"16":{"start":{"line":17,"column":0},"end":{"line":17,"column":2}},"19":{"start":{"line":20,"column":0},"end":{"line":20,"column":72}},"20":{"start":{"line":21,"column":0},"end":{"line":21,"column":49}},"23":{"start":{"line":24,"column":0},"end":{"line":24,"column":73}},"24":{"start":{"line":25,"column":0},"end":{"line":25,"column":36}},"25":{"start":{"line":26,"column":0},"end":{"line":26,"column":3}},"27":{"start":{"line":28,"column":0},"end":{"line":28,"column":16}},"28":{"start":{"line":29,"column":0},"end":{"line":29,"column":2}},"30":{"start":{"line":31,"column":0},"end":{"line":31,"column":59}},"31":{"start":{"line":32,"column":0},"end":{"line":32,"column":24}},"32":{"start":{"line":33,"column":0},"end":{"line":33,"column":16}},"33":{"start":{"line":34,"column":0},"end":{"line":34,"column":39}},"34":{"start":{"line":35,"column":0},"end":{"line":35,"column":10}},"35":{"start":{"line":36,"column":0},"end":{"line":36,"column":4}},"37":{"start":{"line":38,"column":0},"end":{"line":38,"column":19}},"38":{"start":{"line":39,"column":0},"end":{"line":39,"column":2}},"40":{"start":{"line":41,"column":0},"end":{"line":41,"column":62}},"41":{"start":{"line":42,"column":0},"end":{"line":42,"column":25}},"42":{"start":{"line":43,"column":0},"end":{"line":43,"column":17}},"43":{"start":{"line":44,"column":0},"end":{"line":44,"column":39}},"44":{"start":{"line":45,"column":0},"end":{"line":45,"column":11}},"45":{"start":{"line":46,"column":0},"end":{"line":46,"column":4}},"47":{"start":{"line":48,"column":0},"end":{"line":48,"column":19}},"48":{"start":{"line":49,"column":0},"end":{"line":49,"column":2}},"50":{"start":{"line":51,"column":0},"end":{"line":51,"column":68}},"51":{"start":{"line":52,"column":0},"end":{"line":52,"column":27}},"52":{"start":{"line":53,"column":0},"end":{"line":53,"column":19}},"53":{"start":{"line":54,"column":0},"end":{"line":54,"column":39}},"54":{"start":{"line":55,"column":0},"end":{"line":55,"column":13}},"55":{"start":{"line":56,"column":0},"end":{"line":56,"column":4}},"57":{"start":{"line":58,"column":0},"end":{"line":58,"column":19}},"58":{"start":{"line":59,"column":0},"end":{"line":59,"column":2}},"60":{"start":{"line":61,"column":0},"end":{"line":61,"column":33}},"61":{"start":{"line":62,"column":0},"end":{"line":62,"column":24}},"62":{"start":{"line":63,"column":0},"end":{"line":63,"column":2}},"64":{"start":{"line":65,"column":0},"end":{"line":65,"column":99}},"65":{"start":{"line":66,"column":0},"end":{"line":66,"column":94}},"66":{"start":{"line":67,"column":0},"end":{"line":67,"column":2}},"68":{"start":{"line":69,"column":0},"end":{"line":69,"column":48}},"69":{"start":{"line":70,"column":0},"end":{"line":70,"column":65}},"70":{"start":{"line":71,"column":0},"end":{"line":71,"column":2}},"72":{"start":{"line":73,"column":0},"end":{"line":73,"column":20}},"73":{"start":{"line":74,"column":0},"end":{"line":74,"column":17}},"74":{"start":{"line":75,"column":0},"end":{"line":75,"column":27}},"75":{"start":{"line":76,"column":0},"end":{"line":76,"column":2}},"77":{"start":{"line":78,"column":0},"end":{"line":78,"column":44}},"78":{"start":{"line":79,"column":0},"end":{"line":79,"column":22}},"79":{"start":{"line":80,"column":0},"end":{"line":80,"column":23}},"81":{"start":{"line":82,"column":0},"end":{"line":82,"column":38}},"82":{"start":{"line":83,"column":0},"end":{"line":83,"column":66}},"83":{"start":{"line":84,"column":0},"end":{"line":84,"column":39}},"84":{"start":{"line":85,"column":0},"end":{"line":85,"column":7}},"85":{"start":{"line":86,"column":0},"end":{"line":86,"column":3}},"86":{"start":{"line":87,"column":0},"end":{"line":87,"column":2}},"88":{"start":{"line":89,"column":0},"end":{"line":89,"column":32}},"89":{"start":{"line":90,"column":0},"end":{"line":90,"column":7}},"90":{"start":{"line":91,"column":0},"end":{"line":91,"column":62}},"91":{"start":{"line":92,"column":0},"end":{"line":92,"column":70}},"92":{"start":{"line":93,"column":0},"end":{"line":93,"column":4}},"93":{"start":{"line":94,"column":0},"end":{"line":94,"column":19}},"94":{"start":{"line":95,"column":0},"end":{"line":95,"column":63}},"95":{"start":{"line":96,"column":0},"end":{"line":96,"column":3}},"96":{"start":{"line":97,"column":0},"end":{"line":97,"column":2}},"98":{"start":{"line":99,"column":0},"end":{"line":99,"column":34}},"99":{"start":{"line":100,"column":0},"end":{"line":100,"column":7}},"100":{"start":{"line":101,"column":0},"end":{"line":101,"column":62}},"101":{"start":{"line":102,"column":0},"end":{"line":102,"column":58}},"102":{"start":{"line":103,"column":0},"end":{"line":103,"column":17}},"103":{"start":{"line":104,"column":0},"end":{"line":104,"column":36}},"104":{"start":{"line":105,"column":0},"end":{"line":105,"column":5}},"105":{"start":{"line":106,"column":0},"end":{"line":106,"column":4}},"106":{"start":{"line":107,"column":0},"end":{"line":107,"column":19}},"107":{"start":{"line":108,"column":0},"end":{"line":108,"column":81}},"108":{"start":{"line":109,"column":0},"end":{"line":109,"column":18}},"109":{"start":{"line":110,"column":0},"end":{"line":110,"column":3}},"110":{"start":{"line":111,"column":0},"end":{"line":111,"column":2}},"112":{"start":{"line":113,"column":0},"end":{"line":113,"column":36}},"113":{"start":{"line":114,"column":0},"end":{"line":114,"column":7}},"114":{"start":{"line":115,"column":0},"end":{"line":115,"column":62}},"115":{"start":{"line":116,"column":0},"end":{"line":116,"column":46}},"116":{"start":{"line":117,"column":0},"end":{"line":117,"column":4}},"117":{"start":{"line":118,"column":0},"end":{"line":118,"column":19}},"118":{"start":{"line":119,"column":0},"end":{"line":119,"column":67}},"119":{"start":{"line":120,"column":0},"end":{"line":120,"column":3}},"120":{"start":{"line":121,"column":0},"end":{"line":121,"column":2}},"122":{"start":{"line":123,"column":0},"end":{"line":123,"column":36}},"123":{"start":{"line":124,"column":0},"end":{"line":124,"column":55}},"124":{"start":{"line":125,"column":0},"end":{"line":125,"column":35}},"125":{"start":{"line":126,"column":0},"end":{"line":126,"column":2}},"127":{"start":{"line":128,"column":0},"end":{"line":128,"column":39}},"128":{"start":{"line":129,"column":0},"end":{"line":129,"column":26}},"129":{"start":{"line":130,"column":0},"end":{"line":130,"column":77}},"130":{"start":{"line":131,"column":0},"end":{"line":131,"column":30}},"132":{"start":{"line":133,"column":0},"end":{"line":133,"column":66}},"133":{"start":{"line":134,"column":0},"end":{"line":134,"column":2}},"135":{"start":{"line":136,"column":0},"end":{"line":136,"column":59}},"136":{"start":{"line":137,"column":0},"end":{"line":137,"column":48}},"137":{"start":{"line":138,"column":0},"end":{"line":138,"column":20}},"138":{"start":{"line":139,"column":0},"end":{"line":139,"column":68}},"139":{"start":{"line":140,"column":0},"end":{"line":140,"column":20}},"140":{"start":{"line":141,"column":0},"end":{"line":141,"column":2}},"142":{"start":{"line":143,"column":0},"end":{"line":143,"column":94}},"143":{"start":{"line":144,"column":0},"end":{"line":144,"column":47}},"145":{"start":{"line":146,"column":0},"end":{"line":146,"column":42}},"147":{"start":{"line":148,"column":0},"end":{"line":148,"column":60}},"148":{"start":{"line":149,"column":0},"end":{"line":149,"column":59}},"149":{"start":{"line":150,"column":0},"end":{"line":150,"column":34}},"150":{"start":{"line":151,"column":0},"end":{"line":151,"column":34}},"151":{"start":{"line":152,"column":0},"end":{"line":152,"column":12}},"152":{"start":{"line":153,"column":0},"end":{"line":153,"column":5}},"153":{"start":{"line":154,"column":0},"end":{"line":154,"column":36}},"154":{"start":{"line":155,"column":0},"end":{"line":155,"column":17}},"155":{"start":{"line":156,"column":0},"end":{"line":156,"column":88}},"157":{"start":{"line":158,"column":0},"end":{"line":158,"column":63}},"158":{"start":{"line":159,"column":0},"end":{"line":159,"column":46}},"159":{"start":{"line":160,"column":0},"end":{"line":160,"column":4}},"160":{"start":{"line":161,"column":0},"end":{"line":161,"column":2}},"162":{"start":{"line":163,"column":0},"end":{"line":163,"column":29}},"163":{"start":{"line":164,"column":0},"end":{"line":164,"column":55}},"164":{"start":{"line":165,"column":0},"end":{"line":165,"column":35}},"165":{"start":{"line":166,"column":0},"end":{"line":166,"column":2}},"167":{"start":{"line":168,"column":0},"end":{"line":168,"column":32}},"168":{"start":{"line":169,"column":0},"end":{"line":169,"column":55}},"169":{"start":{"line":170,"column":0},"end":{"line":170,"column":77}},"170":{"start":{"line":171,"column":0},"end":{"line":171,"column":2}},"172":{"start":{"line":173,"column":0},"end":{"line":173,"column":32}},"173":{"start":{"line":174,"column":0},"end":{"line":174,"column":55}},"174":{"start":{"line":175,"column":0},"end":{"line":175,"column":78}},"175":{"start":{"line":176,"column":0},"end":{"line":176,"column":2}},"176":{"start":{"line":177,"column":0},"end":{"line":177,"column":1}}},"s":{"2":1,"3":1,"4":1,"5":1,"7":1,"8":1,"9":1,"11":1,"12":22,"13":1,"14":1,"15":22,"16":22,"19":1,"20":11,"23":11,"24":11,"25":11,"27":11,"28":11,"30":1,"31":3,"32":3,"33":3,"34":3,"35":3,"37":3,"38":3,"40":1,"41":6,"42":6,"43":6,"44":6,"45":6,"47":6,"48":6,"50":1,"51":0,"52":0,"53":0,"54":0,"55":0,"57":0,"58":0,"60":1,"61":0,"62":0,"64":1,"65":0,"66":0,"68":1,"69":0,"70":0,"72":1,"73":0,"74":0,"75":0,"77":1,"78":9,"79":9,"81":9,"82":0,"83":0,"84":0,"85":0,"86":9,"88":1,"89":9,"90":9,"91":0,"92":0,"93":9,"94":0,"95":0,"96":9,"98":1,"99":1,"100":1,"101":0,"102":0,"103":0,"104":0,"105":0,"106":1,"107":0,"108":0,"109":0,"110":1,"112":1,"113":0,"114":0,"115":0,"116":0,"117":0,"118":0,"119":0,"120":0,"122":1,"123":0,"124":0,"125":0,"127":1,"128":0,"129":0,"130":0,"132":0,"133":0,"135":1,"136":0,"137":0,"138":0,"139":0,"140":0,"142":1,"143":0,"145":0,"147":0,"148":0,"149":0,"150":0,"151":0,"152":0,"153":0,"154":0,"155":0,"157":0,"158":0,"159":0,"160":0,"162":1,"163":0,"164":0,"165":0,"167":1,"168":0,"169":0,"170":0,"172":1,"173":0,"174":0,"175":0,"176":1},"branchMap":{"0":{"type":"branch","line":3,"loc":{"start":{"line":3,"column":61},"end":{"line":177,"column":1}},"locations":[{"start":{"line":3,"column":61},"end":{"line":177,"column":1}}]},"1":{"type":"branch","line":3,"loc":{"start":{"line":3,"column":61},"end":{"line":177,"column":1}},"locations":[{"start":{"line":3,"column":61},"end":{"line":177,"column":1}}]},"2":{"type":"branch","line":8,"loc":{"start":{"line":8,"column":1},"end":{"line":10,"column":2}},"locations":[{"start":{"line":8,"column":1},"end":{"line":10,"column":2}}]},"3":{"type":"branch","line":12,"loc":{"start":{"line":12,"column":8},"end":{"line":17,"column":2}},"locations":[{"start":{"line":12,"column":8},"end":{"line":17,"column":2}}]},"4":{"type":"branch","line":13,"loc":{"start":{"line":13,"column":35},"end":{"line":15,"column":3}},"locations":[{"start":{"line":13,"column":35},"end":{"line":15,"column":3}}]},"5":{"type":"branch","line":20,"loc":{"start":{"line":20,"column":8},"end":{"line":29,"column":2}},"locations":[{"start":{"line":20,"column":8},"end":{"line":29,"column":2}}]},"6":{"type":"branch","line":31,"loc":{"start":{"line":31,"column":1},"end":{"line":39,"column":2}},"locations":[{"start":{"line":31,"column":1},"end":{"line":39,"column":2}}]},"7":{"type":"branch","line":41,"loc":{"start":{"line":41,"column":1},"end":{"line":49,"column":2}},"locations":[{"start":{"line":41,"column":1},"end":{"line":49,"column":2}}]},"8":{"type":"branch","line":78,"loc":{"start":{"line":78,"column":9},"end":{"line":87,"column":2}},"locations":[{"start":{"line":78,"column":9},"end":{"line":87,"column":2}}]},"9":{"type":"branch","line":82,"loc":{"start":{"line":82,"column":37},"end":{"line":86,"column":3}},"locations":[{"start":{"line":82,"column":37},"end":{"line":86,"column":3}}]},"10":{"type":"branch","line":89,"loc":{"start":{"line":89,"column":9},"end":{"line":97,"column":2}},"locations":[{"start":{"line":89,"column":9},"end":{"line":97,"column":2}}]},"11":{"type":"branch","line":91,"loc":{"start":{"line":91,"column":25},"end":{"line":91,"column":61}},"locations":[{"start":{"line":91,"column":25},"end":{"line":91,"column":61}}]},"12":{"type":"branch","line":91,"loc":{"start":{"line":91,"column":61},"end":{"line":93,"column":4}},"locations":[{"start":{"line":91,"column":61},"end":{"line":93,"column":4}}]},"13":{"type":"branch","line":94,"loc":{"start":{"line":94,"column":2},"end":{"line":96,"column":3}},"locations":[{"start":{"line":94,"column":2},"end":{"line":96,"column":3}}]},"14":{"type":"branch","line":99,"loc":{"start":{"line":99,"column":9},"end":{"line":111,"column":2}},"locations":[{"start":{"line":99,"column":9},"end":{"line":111,"column":2}}]},"15":{"type":"branch","line":101,"loc":{"start":{"line":101,"column":25},"end":{"line":101,"column":61}},"locations":[{"start":{"line":101,"column":25},"end":{"line":101,"column":61}}]},"16":{"type":"branch","line":101,"loc":{"start":{"line":101,"column":61},"end":{"line":106,"column":4}},"locations":[{"start":{"line":101,"column":61},"end":{"line":106,"column":4}}]},"17":{"type":"branch","line":107,"loc":{"start":{"line":107,"column":2},"end":{"line":110,"column":3}},"locations":[{"start":{"line":107,"column":2},"end":{"line":110,"column":3}}]}},"b":{"0":[1],"1":[1],"2":[1],"3":[22],"4":[1],"5":[11],"6":[3],"7":[6],"8":[9],"9":[0],"10":[9],"11":[0],"12":[0],"13":[0],"14":[1],"15":[0],"16":[0],"17":[0]},"fnMap":{"0":{"name":"<static_initializer>","decl":{"start":{"line":3,"column":61},"end":{"line":177,"column":1}},"loc":{"start":{"line":3,"column":61},"end":{"line":177,"column":1}},"line":3},"1":{"name":"<instance_members_initializer>","decl":{"start":{"line":3,"column":61},"end":{"line":177,"column":1}},"loc":{"start":{"line":3,"column":61},"end":{"line":177,"column":1}},"line":3},"2":{"name":"TransactionLogger","decl":{"start":{"line":8,"column":1},"end":{"line":10,"column":2}},"loc":{"start":{"line":8,"column":1},"end":{"line":10,"column":2}},"line":8},"3":{"name":"getInstance","decl":{"start":{"line":12,"column":8},"end":{"line":17,"column":2}},"loc":{"start":{"line":12,"column":8},"end":{"line":17,"column":2}},"line":12},"4":{"name":"initWithVendingMachine","decl":{"start":{"line":20,"column":8},"end":{"line":29,"column":2}},"loc":{"start":{"line":20,"column":8},"end":{"line":29,"column":2}},"line":20},"5":{"name":"logSale","decl":{"start":{"line":31,"column":1},"end":{"line":39,"column":2}},"loc":{"start":{"line":31,"column":1},"end":{"line":39,"column":2}},"line":31},"6":{"name":"logError","decl":{"start":{"line":41,"column":1},"end":{"line":49,"column":2}},"loc":{"start":{"line":41,"column":1},"end":{"line":49,"column":2}},"line":41},"7":{"name":"logRestock","decl":{"start":{"line":51,"column":1},"end":{"line":59,"column":2}},"loc":{"start":{"line":51,"column":1},"end":{"line":59,"column":2}},"line":51},"8":{"name":"getAllLogs","decl":{"start":{"line":61,"column":1},"end":{"line":63,"column":2}},"loc":{"start":{"line":61,"column":1},"end":{"line":63,"column":2}},"line":61},"9":{"name":"getLogsByType","decl":{"start":{"line":65,"column":1},"end":{"line":67,"column":2}},"loc":{"start":{"line":65,"column":1},"end":{"line":67,"column":2}},"line":65},"10":{"name":"getLogsByDate","decl":{"start":{"line":69,"column":1},"end":{"line":71,"column":2}},"loc":{"start":{"line":69,"column":1},"end":{"line":71,"column":2}},"line":69},"11":{"name":"clearLogs","decl":{"start":{"line":73,"column":1},"end":{"line":76,"column":2}},"loc":{"start":{"line":73,"column":1},"end":{"line":76,"column":2}},"line":73},"12":{"name":"addLog","decl":{"start":{"line":78,"column":9},"end":{"line":87,"column":2}},"loc":{"start":{"line":78,"column":9},"end":{"line":87,"column":2}},"line":78},"13":{"name":"saveToStorage","decl":{"start":{"line":89,"column":9},"end":{"line":97,"column":2}},"loc":{"start":{"line":89,"column":9},"end":{"line":97,"column":2}},"line":89},"14":{"name":"loadFromStorage","decl":{"start":{"line":99,"column":9},"end":{"line":111,"column":2}},"loc":{"start":{"line":99,"column":9},"end":{"line":111,"column":2}},"line":99},"15":{"name":"removeFromStorage","decl":{"start":{"line":113,"column":9},"end":{"line":121,"column":2}},"loc":{"start":{"line":113,"column":9},"end":{"line":121,"column":2}},"line":113},"16":{"name":"getTodaysLogs","decl":{"start":{"line":123,"column":1},"end":{"line":126,"column":2}},"loc":{"start":{"line":123,"column":1},"end":{"line":126,"column":2}},"line":123},"17":{"name":"getSalesTotal","decl":{"start":{"line":128,"column":1},"end":{"line":134,"column":2}},"loc":{"start":{"line":128,"column":1},"end":{"line":134,"column":2}},"line":128},"18":{"name":"getErrorCount","decl":{"start":{"line":136,"column":1},"end":{"line":141,"column":2}},"loc":{"start":{"line":136,"column":1},"end":{"line":141,"column":2}},"line":136},"19":{"name":"getMostPopularProduct","decl":{"start":{"line":143,"column":1},"end":{"line":161,"column":2}},"loc":{"start":{"line":143,"column":1},"end":{"line":161,"column":2}},"line":143},"20":{"name":"getTodaysRevenue","decl":{"start":{"line":163,"column":1},"end":{"line":166,"column":2}},"loc":{"start":{"line":163,"column":1},"end":{"line":166,"column":2}},"line":163},"21":{"name":"getTodaysSalesCount","decl":{"start":{"line":168,"column":1},"end":{"line":171,"column":2}},"loc":{"start":{"line":168,"column":1},"end":{"line":171,"column":2}},"line":168},"22":{"name":"getTodaysErrorCount","decl":{"start":{"line":173,"column":1},"end":{"line":176,"column":2}},"loc":{"start":{"line":173,"column":1},"end":{"line":176,"column":2}},"line":173}},"f":{"0":1,"1":1,"2":1,"3":22,"4":11,"5":3,"6":6,"7":0,"8":0,"9":0,"10":0,"11":0,"12":9,"13":9,"14":1,"15":0,"16":0,"17":0,"18":0,"19":0,"20":0,"21":0,"22":0}}
,"C:\\Users\\escaf\\Documents\\Ynov\\Ynov\\vending-machine-svelte\\src\\core\\money\\ChangeCalculator.ts": {"path":"C:\\Users\\escaf\\Documents\\Ynov\\Ynov\\vending-machine-svelte\\src\\core\\money\\ChangeCalculator.ts","all":false,"statementMap":{"0":{"start":{"line":1,"column":0},"end":{"line":1,"column":31}},"2":{"start":{"line":3,"column":0},"end":{"line":3,"column":41}},"3":{"start":{"line":4,"column":0},"end":{"line":4,"column":23}},"4":{"start":{"line":5,"column":0},"end":{"line":5,"column":43}},"5":{"start":{"line":6,"column":0},"end":{"line":6,"column":24}},"6":{"start":{"line":7,"column":0},"end":{"line":7,"column":27}},"7":{"start":{"line":8,"column":0},"end":{"line":8,"column":22}},"8":{"start":{"line":9,"column":0},"end":{"line":9,"column":9}},"10":{"start":{"line":11,"column":0},"end":{"line":11,"column":40}},"11":{"start":{"line":12,"column":0},"end":{"line":12,"column":24}},"12":{"start":{"line":13,"column":0},"end":{"line":13,"column":9}},"14":{"start":{"line":15,"column":0},"end":{"line":15,"column":36}},"15":{"start":{"line":16,"column":0},"end":{"line":16,"column":37}},"17":{"start":{"line":18,"column":0},"end":{"line":18,"column":89}},"19":{"start":{"line":20,"column":0},"end":{"line":20,"column":51}},"20":{"start":{"line":21,"column":0},"end":{"line":21,"column":94}},"22":{"start":{"line":23,"column":0},"end":{"line":23,"column":72}},"23":{"start":{"line":24,"column":0},"end":{"line":24,"column":39}},"24":{"start":{"line":25,"column":0},"end":{"line":25,"column":45}},"25":{"start":{"line":26,"column":0},"end":{"line":26,"column":33}},"26":{"start":{"line":27,"column":0},"end":{"line":27,"column":13}},"27":{"start":{"line":28,"column":0},"end":{"line":28,"column":9}},"29":{"start":{"line":30,"column":0},"end":{"line":30,"column":36}},"30":{"start":{"line":31,"column":0},"end":{"line":31,"column":26}},"31":{"start":{"line":32,"column":0},"end":{"line":32,"column":16}},"32":{"start":{"line":33,"column":0},"end":{"line":33,"column":24}},"33":{"start":{"line":34,"column":0},"end":{"line":34,"column":9}},"34":{"start":{"line":35,"column":0},"end":{"line":35,"column":5}},"35":{"start":{"line":36,"column":0},"end":{"line":36,"column":1}}},"s":{"0":1,"2":1,"3":6,"4":6,"5":6,"6":6,"7":0,"8":0,"10":6,"11":0,"12":0,"14":6,"15":6,"17":6,"19":6,"20":30,"22":30,"23":6,"24":6,"25":6,"26":6,"27":30,"29":6,"30":6,"31":6,"32":0,"33":0,"34":6,"35":1},"branchMap":{"0":{"type":"branch","line":3,"loc":{"start":{"line":3,"column":18},"end":{"line":35,"column":5}},"locations":[{"start":{"line":3,"column":18},"end":{"line":35,"column":5}}]},"1":{"type":"branch","line":7,"loc":{"start":{"line":7,"column":26},"end":{"line":9,"column":9}},"locations":[{"start":{"line":7,"column":26},"end":{"line":9,"column":9}}]},"2":{"type":"branch","line":11,"loc":{"start":{"line":11,"column":39},"end":{"line":13,"column":9}},"locations":[{"start":{"line":11,"column":39},"end":{"line":13,"column":9}}]},"3":{"type":"branch","line":20,"loc":{"start":{"line":20,"column":50},"end":{"line":28,"column":9}},"locations":[{"start":{"line":20,"column":50},"end":{"line":28,"column":9}}]},"4":{"type":"branch","line":21,"loc":{"start":{"line":21,"column":61},"end":{"line":21,"column":94}},"locations":[{"start":{"line":21,"column":61},"end":{"line":21,"column":94}}]},"5":{"type":"branch","line":23,"loc":{"start":{"line":23,"column":38},"end":{"line":23,"column":71}},"locations":[{"start":{"line":23,"column":38},"end":{"line":23,"column":71}}]},"6":{"type":"branch","line":23,"loc":{"start":{"line":23,"column":71},"end":{"line":27,"column":13}},"locations":[{"start":{"line":23,"column":71},"end":{"line":27,"column":13}}]},"7":{"type":"branch","line":32,"loc":{"start":{"line":32,"column":8},"end":{"line":34,"column":9}},"locations":[{"start":{"line":32,"column":8},"end":{"line":34,"column":9}}]},"8":{"type":"branch","line":18,"loc":{"start":{"line":18,"column":72},"end":{"line":18,"column":87}},"locations":[{"start":{"line":18,"column":72},"end":{"line":18,"column":87}}]}},"b":{"0":[6],"1":[0],"2":[0],"3":[30],"4":[0],"5":[6],"6":[6],"7":[0],"8":[24]},"fnMap":{"0":{"name":"calculateOptimalChange","decl":{"start":{"line":3,"column":18},"end":{"line":35,"column":5}},"loc":{"start":{"line":3,"column":18},"end":{"line":35,"column":5}},"line":3}},"f":{"0":6}}
,"C:\\Users\\escaf\\Documents\\Ynov\\Ynov\\vending-machine-svelte\\src\\core\\money\\CoinStock.ts": {"path":"C:\\Users\\escaf\\Documents\\Ynov\\Ynov\\vending-machine-svelte\\src\\core\\money\\CoinStock.ts","all":false,"statementMap":{"0":{"start":{"line":1,"column":0},"end":{"line":1,"column":54}},"2":{"start":{"line":3,"column":0},"end":{"line":3,"column":24}},"3":{"start":{"line":4,"column":0},"end":{"line":4,"column":39}},"5":{"start":{"line":6,"column":0},"end":{"line":6,"column":19}},"6":{"start":{"line":7,"column":0},"end":{"line":7,"column":31}},"7":{"start":{"line":8,"column":0},"end":{"line":8,"column":5}},"9":{"start":{"line":10,"column":0},"end":{"line":10,"column":51}},"10":{"start":{"line":11,"column":0},"end":{"line":11,"column":83}},"11":{"start":{"line":12,"column":0},"end":{"line":12,"column":31}},"12":{"start":{"line":13,"column":0},"end":{"line":13,"column":5}},"14":{"start":{"line":15,"column":0},"end":{"line":15,"column":56}},"15":{"start":{"line":16,"column":0},"end":{"line":16,"column":91}},"17":{"start":{"line":18,"column":0},"end":{"line":18,"column":38}},"18":{"start":{"line":19,"column":0},"end":{"line":19,"column":24}},"19":{"start":{"line":20,"column":0},"end":{"line":20,"column":9}},"21":{"start":{"line":22,"column":0},"end":{"line":22,"column":45}},"22":{"start":{"line":23,"column":0},"end":{"line":23,"column":64}},"23":{"start":{"line":24,"column":0},"end":{"line":24,"column":56}},"24":{"start":{"line":25,"column":0},"end":{"line":25,"column":11}},"26":{"start":{"line":27,"column":0},"end":{"line":27,"column":30}},"27":{"start":{"line":28,"column":0},"end":{"line":28,"column":5}},"29":{"start":{"line":30,"column":0},"end":{"line":30,"column":64}},"30":{"start":{"line":31,"column":0},"end":{"line":31,"column":28}},"31":{"start":{"line":32,"column":0},"end":{"line":32,"column":19}},"32":{"start":{"line":33,"column":0},"end":{"line":33,"column":9}},"34":{"start":{"line":35,"column":0},"end":{"line":35,"column":60}},"35":{"start":{"line":36,"column":0},"end":{"line":36,"column":59}},"36":{"start":{"line":37,"column":0},"end":{"line":37,"column":5}},"38":{"start":{"line":39,"column":0},"end":{"line":39,"column":52}},"39":{"start":{"line":40,"column":0},"end":{"line":40,"column":46}},"40":{"start":{"line":41,"column":0},"end":{"line":41,"column":5}},"42":{"start":{"line":43,"column":0},"end":{"line":43,"column":47}},"43":{"start":{"line":44,"column":0},"end":{"line":44,"column":35}},"44":{"start":{"line":45,"column":0},"end":{"line":45,"column":5}},"45":{"start":{"line":46,"column":0},"end":{"line":46,"column":1}}},"s":{"0":1,"2":1,"3":11,"5":11,"6":11,"7":11,"9":11,"10":3,"11":3,"12":3,"14":11,"15":3,"17":3,"18":0,"19":0,"21":3,"22":3,"23":3,"24":3,"26":3,"27":3,"29":11,"30":55,"31":0,"32":0,"34":55,"35":55,"36":55,"38":11,"39":0,"40":0,"42":11,"43":0,"44":0,"45":11},"branchMap":{"0":{"type":"branch","line":3,"loc":{"start":{"line":3,"column":23},"end":{"line":46,"column":1}},"locations":[{"start":{"line":3,"column":23},"end":{"line":46,"column":1}}]},"1":{"type":"branch","line":6,"loc":{"start":{"line":6,"column":4},"end":{"line":8,"column":5}},"locations":[{"start":{"line":6,"column":4},"end":{"line":8,"column":5}}]},"2":{"type":"branch","line":10,"loc":{"start":{"line":10,"column":11},"end":{"line":13,"column":5}},"locations":[{"start":{"line":10,"column":11},"end":{"line":13,"column":5}}]},"3":{"type":"branch","line":15,"loc":{"start":{"line":15,"column":11},"end":{"line":28,"column":5}},"locations":[{"start":{"line":15,"column":11},"end":{"line":28,"column":5}}]},"4":{"type":"branch","line":18,"loc":{"start":{"line":18,"column":37},"end":{"line":20,"column":9}},"locations":[{"start":{"line":18,"column":37},"end":{"line":20,"column":9}}]},"5":{"type":"branch","line":22,"loc":{"start":{"line":22,"column":31},"end":{"line":25,"column":9}},"locations":[{"start":{"line":22,"column":31},"end":{"line":25,"column":9}}]},"6":{"type":"branch","line":23,"loc":{"start":{"line":23,"column":57},"end":{"line":23,"column":64}},"locations":[{"start":{"line":23,"column":57},"end":{"line":23,"column":64}}]},"7":{"type":"branch","line":30,"loc":{"start":{"line":30,"column":11},"end":{"line":37,"column":5}},"locations":[{"start":{"line":30,"column":11},"end":{"line":37,"column":5}}]},"8":{"type":"branch","line":31,"loc":{"start":{"line":31,"column":27},"end":{"line":33,"column":9}},"locations":[{"start":{"line":31,"column":27},"end":{"line":33,"column":9}}]}},"b":{"0":[11],"1":[11],"2":[3],"3":[3],"4":[0],"5":[3],"6":[0],"7":[55],"8":[0]},"fnMap":{"0":{"name":"<instance_members_initializer>","decl":{"start":{"line":3,"column":23},"end":{"line":46,"column":1}},"loc":{"start":{"line":3,"column":23},"end":{"line":46,"column":1}},"line":3},"1":{"name":"CoinStock","decl":{"start":{"line":6,"column":4},"end":{"line":8,"column":5}},"loc":{"start":{"line":6,"column":4},"end":{"line":8,"column":5}},"line":6},"2":{"name":"canMakeChange","decl":{"start":{"line":10,"column":11},"end":{"line":13,"column":5}},"loc":{"start":{"line":10,"column":11},"end":{"line":13,"column":5}},"line":10},"3":{"name":"makeChange","decl":{"start":{"line":15,"column":11},"end":{"line":28,"column":5}},"loc":{"start":{"line":15,"column":11},"end":{"line":28,"column":5}},"line":15},"4":{"name":"addCoins","decl":{"start":{"line":30,"column":11},"end":{"line":37,"column":5}},"loc":{"start":{"line":30,"column":11},"end":{"line":37,"column":5}},"line":30},"5":{"name":"getCoinCount","decl":{"start":{"line":39,"column":11},"end":{"line":41,"column":5}},"loc":{"start":{"line":39,"column":11},"end":{"line":41,"column":5}},"line":39},"6":{"name":"getAllCoins","decl":{"start":{"line":43,"column":11},"end":{"line":45,"column":5}},"loc":{"start":{"line":43,"column":11},"end":{"line":45,"column":5}},"line":43}},"f":{"0":11,"1":11,"2":3,"3":3,"4":55,"5":0,"6":0}}
}
