{"C:\\Users\\escaf\\Documents\\Ynov\\Ynov\\vending-machine-svelte\\svelte.config.js": {"path":"C:\\Users\\escaf\\Documents\\Ynov\\Ynov\\vending-machine-svelte\\svelte.config.js","all":true,"statementMap":{"0":{"start":{"line":1,"column":0},"end":{"line":1,"column":45}},"1":{"start":{"line":2,"column":0},"end":{"line":2,"column":62}},"2":{"start":{"line":3,"column":0},"end":{"line":3,"column":0}},"3":{"start":{"line":4,"column":0},"end":{"line":4,"column":45}},"4":{"start":{"line":5,"column":0},"end":{"line":5,"column":16}},"5":{"start":{"line":6,"column":0},"end":{"line":6,"column":52}},"6":{"start":{"line":7,"column":0},"end":{"line":7,"column":44}},"7":{"start":{"line":8,"column":0},"end":{"line":8,"column":30}},"8":{"start":{"line":9,"column":0},"end":{"line":9,"column":0}},"9":{"start":{"line":10,"column":0},"end":{"line":10,"column":7}},"10":{"start":{"line":11,"column":0},"end":{"line":11,"column":107}},"11":{"start":{"line":12,"column":0},"end":{"line":12,"column":108}},"12":{"start":{"line":13,"column":0},"end":{"line":13,"column":82}},"13":{"start":{"line":14,"column":0},"end":{"line":14,"column":20}},"14":{"start":{"line":15,"column":0},"end":{"line":15,"column":2}},"15":{"start":{"line":16,"column":0},"end":{"line":16,"column":2}},"16":{"start":{"line":17,"column":0},"end":{"line":17,"column":0}},"17":{"start":{"line":18,"column":0},"end":{"line":18,"column":22}}},"s":{"0":0,"1":0,"2":0,"3":0,"4":0,"5":0,"6":0,"7":0,"8":0,"9":0,"10":0,"11":0,"12":0,"13":0,"14":0,"15":0,"16":0,"17":0},"branchMap":{"0":{"type":"branch","line":1,"loc":{"start":{"line":1,"column":678},"end":{"line":18,"column":22}},"locations":[{"start":{"line":1,"column":678},"end":{"line":18,"column":22}}]}},"b":{"0":[0]},"fnMap":{"0":{"name":"(empty-report)","decl":{"start":{"line":1,"column":678},"end":{"line":18,"column":22}},"loc":{"start":{"line":1,"column":678},"end":{"line":18,"column":22}},"line":1}},"f":{"0":0}}
,"C:\\Users\\escaf\\Documents\\Ynov\\Ynov\\vending-machine-svelte\\src\\core\\inventory.ts": {"path":"C:\\Users\\escaf\\Documents\\Ynov\\Ynov\\vending-machine-svelte\\src\\core\\inventory.ts","all":false,"statementMap":{"4":{"start":{"line":5,"column":0},"end":{"line":5,"column":46}},"5":{"start":{"line":6,"column":0},"end":{"line":6,"column":50}},"6":{"start":{"line":7,"column":0},"end":{"line":7,"column":68}},"7":{"start":{"line":8,"column":0},"end":{"line":8,"column":64}},"8":{"start":{"line":9,"column":0},"end":{"line":9,"column":68}},"9":{"start":{"line":10,"column":0},"end":{"line":10,"column":68}},"10":{"start":{"line":11,"column":0},"end":{"line":11,"column":72}},"11":{"start":{"line":12,"column":0},"end":{"line":12,"column":71}},"12":{"start":{"line":13,"column":0},"end":{"line":13,"column":7}},"14":{"start":{"line":15,"column":0},"end":{"line":15,"column":45}},"15":{"start":{"line":16,"column":0},"end":{"line":16,"column":18}},"16":{"start":{"line":17,"column":0},"end":{"line":17,"column":18}},"17":{"start":{"line":18,"column":0},"end":{"line":18,"column":18}},"18":{"start":{"line":19,"column":0},"end":{"line":19,"column":18}},"19":{"start":{"line":20,"column":0},"end":{"line":20,"column":18}},"20":{"start":{"line":21,"column":0},"end":{"line":21,"column":17}},"21":{"start":{"line":22,"column":0},"end":{"line":22,"column":7}},"23":{"start":{"line":24,"column":0},"end":{"line":24,"column":44}},"24":{"start":{"line":25,"column":0},"end":{"line":25,"column":54}},"25":{"start":{"line":26,"column":0},"end":{"line":26,"column":5}},"27":{"start":{"line":28,"column":0},"end":{"line":28,"column":43}},"28":{"start":{"line":29,"column":0},"end":{"line":29,"column":48}},"29":{"start":{"line":30,"column":0},"end":{"line":30,"column":5}},"31":{"start":{"line":32,"column":0},"end":{"line":32,"column":43}},"32":{"start":{"line":33,"column":0},"end":{"line":33,"column":57}},"33":{"start":{"line":34,"column":0},"end":{"line":34,"column":26}},"34":{"start":{"line":35,"column":0},"end":{"line":35,"column":53}},"35":{"start":{"line":36,"column":0},"end":{"line":36,"column":9}},"36":{"start":{"line":37,"column":0},"end":{"line":37,"column":5}},"38":{"start":{"line":39,"column":0},"end":{"line":39,"column":59}},"39":{"start":{"line":40,"column":0},"end":{"line":40,"column":57}},"40":{"start":{"line":41,"column":0},"end":{"line":41,"column":56}},"41":{"start":{"line":42,"column":0},"end":{"line":42,"column":5}},"43":{"start":{"line":44,"column":0},"end":{"line":44,"column":59}},"44":{"start":{"line":45,"column":0},"end":{"line":45,"column":46}},"45":{"start":{"line":46,"column":0},"end":{"line":46,"column":5}},"47":{"start":{"line":48,"column":0},"end":{"line":48,"column":40}},"48":{"start":{"line":49,"column":0},"end":{"line":49,"column":66}},"49":{"start":{"line":50,"column":0},"end":{"line":50,"column":17}},"50":{"start":{"line":51,"column":0},"end":{"line":51,"column":31}},"51":{"start":{"line":52,"column":0},"end":{"line":52,"column":33}},"52":{"start":{"line":53,"column":0},"end":{"line":53,"column":39}},"53":{"start":{"line":54,"column":0},"end":{"line":54,"column":38}},"54":{"start":{"line":55,"column":0},"end":{"line":55,"column":22}},"55":{"start":{"line":56,"column":0},"end":{"line":56,"column":5}},"56":{"start":{"line":57,"column":0},"end":{"line":57,"column":1}}},"s":{"4":1,"5":15,"6":15,"7":15,"8":15,"9":15,"10":15,"11":15,"12":15,"14":15,"15":15,"16":15,"17":15,"18":15,"19":15,"20":15,"21":15,"23":15,"24":16,"25":16,"27":15,"28":11,"29":11,"31":15,"32":8,"33":8,"34":8,"35":8,"36":8,"38":15,"39":1,"40":1,"41":1,"43":15,"44":10,"45":10,"47":15,"48":1,"49":6,"50":6,"51":6,"52":6,"53":6,"54":1,"55":1,"56":15},"branchMap":{"0":{"type":"branch","line":5,"loc":{"start":{"line":5,"column":45},"end":{"line":57,"column":1}},"locations":[{"start":{"line":5,"column":45},"end":{"line":57,"column":1}}]},"1":{"type":"branch","line":24,"loc":{"start":{"line":24,"column":4},"end":{"line":26,"column":5}},"locations":[{"start":{"line":24,"column":4},"end":{"line":26,"column":5}}]},"2":{"type":"branch","line":25,"loc":{"start":{"line":25,"column":42},"end":{"line":25,"column":52}},"locations":[{"start":{"line":25,"column":42},"end":{"line":25,"column":52}}]},"3":{"type":"branch","line":28,"loc":{"start":{"line":28,"column":4},"end":{"line":30,"column":5}},"locations":[{"start":{"line":28,"column":4},"end":{"line":30,"column":5}}]},"4":{"type":"branch","line":29,"loc":{"start":{"line":29,"column":41},"end":{"line":29,"column":48}},"locations":[{"start":{"line":29,"column":41},"end":{"line":29,"column":48}}]},"5":{"type":"branch","line":32,"loc":{"start":{"line":32,"column":4},"end":{"line":37,"column":5}},"locations":[{"start":{"line":32,"column":4},"end":{"line":37,"column":5}}]},"6":{"type":"branch","line":33,"loc":{"start":{"line":33,"column":50},"end":{"line":33,"column":57}},"locations":[{"start":{"line":33,"column":50},"end":{"line":33,"column":57}}]},"7":{"type":"branch","line":39,"loc":{"start":{"line":39,"column":4},"end":{"line":42,"column":5}},"locations":[{"start":{"line":39,"column":4},"end":{"line":42,"column":5}}]},"8":{"type":"branch","line":40,"loc":{"start":{"line":40,"column":50},"end":{"line":40,"column":57}},"locations":[{"start":{"line":40,"column":50},"end":{"line":40,"column":57}}]},"9":{"type":"branch","line":44,"loc":{"start":{"line":44,"column":4},"end":{"line":46,"column":5}},"locations":[{"start":{"line":44,"column":4},"end":{"line":46,"column":5}}]},"10":{"type":"branch","line":48,"loc":{"start":{"line":48,"column":4},"end":{"line":56,"column":5}},"locations":[{"start":{"line":48,"column":4},"end":{"line":56,"column":5}}]},"11":{"type":"branch","line":49,"loc":{"start":{"line":49,"column":43},"end":{"line":55,"column":10}},"locations":[{"start":{"line":49,"column":43},"end":{"line":55,"column":10}}]}},"b":{"0":[15],"1":[16],"2":[6],"3":[11],"4":[0],"5":[8],"6":[0],"7":[1],"8":[0],"9":[10],"10":[1],"11":[6]},"fnMap":{"0":{"name":"<instance_members_initializer>","decl":{"start":{"line":5,"column":45},"end":{"line":57,"column":1}},"loc":{"start":{"line":5,"column":45},"end":{"line":57,"column":1}},"line":5},"1":{"name":"hasStock","decl":{"start":{"line":24,"column":4},"end":{"line":26,"column":5}},"loc":{"start":{"line":24,"column":4},"end":{"line":26,"column":5}},"line":24},"2":{"name":"getStock","decl":{"start":{"line":28,"column":4},"end":{"line":30,"column":5}},"loc":{"start":{"line":28,"column":4},"end":{"line":30,"column":5}},"line":28},"3":{"name":"removeItem","decl":{"start":{"line":32,"column":4},"end":{"line":37,"column":5}},"loc":{"start":{"line":32,"column":4},"end":{"line":37,"column":5}},"line":32},"4":{"name":"addStock","decl":{"start":{"line":39,"column":4},"end":{"line":42,"column":5}},"loc":{"start":{"line":39,"column":4},"end":{"line":42,"column":5}},"line":39},"5":{"name":"getProduct","decl":{"start":{"line":44,"column":4},"end":{"line":46,"column":5}},"loc":{"start":{"line":44,"column":4},"end":{"line":46,"column":5}},"line":44},"6":{"name":"getAllProducts","decl":{"start":{"line":48,"column":4},"end":{"line":56,"column":5}},"loc":{"start":{"line":48,"column":4},"end":{"line":56,"column":5}},"line":48}},"f":{"0":15,"1":16,"2":11,"3":8,"4":1,"5":10,"6":1}}
,"C:\\Users\\escaf\\Documents\\Ynov\\Ynov\\vending-machine-svelte\\src\\core\\vendingMachine.ts": {"path":"C:\\Users\\escaf\\Documents\\Ynov\\Ynov\\vending-machine-svelte\\src\\core\\vendingMachine.ts","all":false,"statementMap":{"2":{"start":{"line":3,"column":0},"end":{"line":3,"column":44}},"6":{"start":{"line":7,"column":0},"end":{"line":7,"column":29}},"7":{"start":{"line":8,"column":0},"end":{"line":8,"column":38}},"8":{"start":{"line":9,"column":0},"end":{"line":9,"column":52}},"9":{"start":{"line":10,"column":0},"end":{"line":10,"column":54}},"10":{"start":{"line":11,"column":0},"end":{"line":11,"column":33}},"11":{"start":{"line":12,"column":0},"end":{"line":12,"column":52}},"12":{"start":{"line":13,"column":0},"end":{"line":13,"column":39}},"14":{"start":{"line":15,"column":0},"end":{"line":15,"column":70}},"15":{"start":{"line":16,"column":0},"end":{"line":16,"column":54}},"16":{"start":{"line":17,"column":0},"end":{"line":17,"column":50}},"17":{"start":{"line":18,"column":0},"end":{"line":18,"column":5}},"19":{"start":{"line":20,"column":0},"end":{"line":20,"column":41}},"20":{"start":{"line":21,"column":0},"end":{"line":21,"column":82}},"21":{"start":{"line":22,"column":0},"end":{"line":22,"column":5}},"23":{"start":{"line":24,"column":0},"end":{"line":24,"column":48}},"24":{"start":{"line":25,"column":0},"end":{"line":25,"column":29}},"25":{"start":{"line":26,"column":0},"end":{"line":26,"column":5}},"27":{"start":{"line":28,"column":0},"end":{"line":28,"column":33}},"28":{"start":{"line":29,"column":0},"end":{"line":29,"column":26}},"29":{"start":{"line":30,"column":0},"end":{"line":30,"column":35}},"30":{"start":{"line":31,"column":0},"end":{"line":31,"column":48}},"31":{"start":{"line":32,"column":0},"end":{"line":32,"column":26}},"32":{"start":{"line":33,"column":0},"end":{"line":33,"column":42}},"33":{"start":{"line":34,"column":0},"end":{"line":34,"column":35}},"34":{"start":{"line":35,"column":0},"end":{"line":35,"column":63}},"35":{"start":{"line":36,"column":0},"end":{"line":36,"column":18}},"36":{"start":{"line":37,"column":0},"end":{"line":37,"column":41}},"37":{"start":{"line":38,"column":0},"end":{"line":38,"column":15}},"38":{"start":{"line":39,"column":0},"end":{"line":39,"column":80}},"39":{"start":{"line":40,"column":0},"end":{"line":40,"column":9}},"40":{"start":{"line":41,"column":0},"end":{"line":41,"column":37}},"41":{"start":{"line":42,"column":0},"end":{"line":42,"column":5}},"43":{"start":{"line":44,"column":0},"end":{"line":44,"column":32}},"44":{"start":{"line":45,"column":0},"end":{"line":45,"column":34}},"45":{"start":{"line":46,"column":0},"end":{"line":46,"column":5}},"47":{"start":{"line":48,"column":0},"end":{"line":48,"column":43}},"48":{"start":{"line":49,"column":0},"end":{"line":49,"column":56}},"49":{"start":{"line":50,"column":0},"end":{"line":50,"column":23}},"50":{"start":{"line":51,"column":0},"end":{"line":51,"column":35}},"51":{"start":{"line":52,"column":0},"end":{"line":52,"column":47}},"52":{"start":{"line":53,"column":0},"end":{"line":53,"column":26}},"53":{"start":{"line":54,"column":0},"end":{"line":54,"column":38}},"54":{"start":{"line":55,"column":0},"end":{"line":55,"column":43}},"55":{"start":{"line":56,"column":0},"end":{"line":56,"column":18}},"56":{"start":{"line":57,"column":0},"end":{"line":57,"column":41}},"57":{"start":{"line":58,"column":0},"end":{"line":58,"column":15}},"58":{"start":{"line":59,"column":0},"end":{"line":59,"column":49}},"59":{"start":{"line":60,"column":0},"end":{"line":60,"column":9}},"60":{"start":{"line":61,"column":0},"end":{"line":61,"column":39}},"61":{"start":{"line":62,"column":0},"end":{"line":62,"column":40}},"62":{"start":{"line":63,"column":0},"end":{"line":63,"column":23}},"63":{"start":{"line":64,"column":0},"end":{"line":64,"column":5}},"65":{"start":{"line":66,"column":0},"end":{"line":66,"column":24}},"66":{"start":{"line":67,"column":0},"end":{"line":67,"column":65}},"67":{"start":{"line":68,"column":0},"end":{"line":68,"column":35}},"68":{"start":{"line":69,"column":0},"end":{"line":69,"column":47}},"69":{"start":{"line":70,"column":0},"end":{"line":70,"column":26}},"70":{"start":{"line":71,"column":0},"end":{"line":71,"column":47}},"71":{"start":{"line":72,"column":0},"end":{"line":72,"column":49}},"72":{"start":{"line":73,"column":0},"end":{"line":73,"column":18}},"73":{"start":{"line":74,"column":0},"end":{"line":74,"column":41}},"74":{"start":{"line":75,"column":0},"end":{"line":75,"column":15}},"75":{"start":{"line":76,"column":0},"end":{"line":76,"column":51}},"76":{"start":{"line":77,"column":0},"end":{"line":77,"column":9}},"78":{"start":{"line":79,"column":0},"end":{"line":79,"column":65}},"79":{"start":{"line":80,"column":0},"end":{"line":80,"column":35}},"80":{"start":{"line":81,"column":0},"end":{"line":81,"column":42}},"81":{"start":{"line":82,"column":0},"end":{"line":82,"column":26}},"82":{"start":{"line":83,"column":0},"end":{"line":83,"column":58}},"83":{"start":{"line":84,"column":0},"end":{"line":84,"column":58}},"84":{"start":{"line":85,"column":0},"end":{"line":85,"column":18}},"85":{"start":{"line":86,"column":0},"end":{"line":86,"column":41}},"86":{"start":{"line":87,"column":0},"end":{"line":87,"column":15}},"87":{"start":{"line":88,"column":0},"end":{"line":88,"column":44}},"88":{"start":{"line":89,"column":0},"end":{"line":89,"column":9}},"90":{"start":{"line":91,"column":0},"end":{"line":91,"column":62}},"91":{"start":{"line":92,"column":0},"end":{"line":92,"column":35}},"92":{"start":{"line":93,"column":0},"end":{"line":93,"column":48}},"93":{"start":{"line":94,"column":0},"end":{"line":94,"column":26}},"94":{"start":{"line":95,"column":0},"end":{"line":95,"column":58}},"95":{"start":{"line":96,"column":0},"end":{"line":96,"column":61}},"96":{"start":{"line":97,"column":0},"end":{"line":97,"column":55}},"97":{"start":{"line":98,"column":0},"end":{"line":98,"column":78}},"98":{"start":{"line":99,"column":0},"end":{"line":99,"column":18}},"99":{"start":{"line":100,"column":0},"end":{"line":100,"column":41}},"100":{"start":{"line":101,"column":0},"end":{"line":101,"column":15}},"101":{"start":{"line":102,"column":0},"end":{"line":102,"column":50}},"102":{"start":{"line":103,"column":0},"end":{"line":103,"column":9}},"104":{"start":{"line":105,"column":0},"end":{"line":105,"column":77}},"106":{"start":{"line":107,"column":0},"end":{"line":107,"column":78}},"107":{"start":{"line":108,"column":0},"end":{"line":108,"column":35}},"108":{"start":{"line":109,"column":0},"end":{"line":109,"column":48}},"109":{"start":{"line":110,"column":0},"end":{"line":110,"column":26}},"110":{"start":{"line":111,"column":0},"end":{"line":111,"column":58}},"111":{"start":{"line":112,"column":0},"end":{"line":112,"column":47}},"112":{"start":{"line":113,"column":0},"end":{"line":113,"column":84}},"113":{"start":{"line":114,"column":0},"end":{"line":114,"column":18}},"114":{"start":{"line":115,"column":0},"end":{"line":115,"column":41}},"115":{"start":{"line":116,"column":0},"end":{"line":116,"column":15}},"116":{"start":{"line":117,"column":0},"end":{"line":117,"column":78}},"117":{"start":{"line":118,"column":0},"end":{"line":118,"column":9}},"119":{"start":{"line":120,"column":0},"end":{"line":120,"column":98}},"121":{"start":{"line":122,"column":0},"end":{"line":122,"column":30}},"122":{"start":{"line":123,"column":0},"end":{"line":123,"column":50}},"123":{"start":{"line":124,"column":0},"end":{"line":124,"column":51}},"124":{"start":{"line":125,"column":0},"end":{"line":125,"column":46}},"125":{"start":{"line":126,"column":0},"end":{"line":126,"column":43}},"126":{"start":{"line":127,"column":0},"end":{"line":127,"column":33}},"127":{"start":{"line":128,"column":0},"end":{"line":128,"column":37}},"128":{"start":{"line":129,"column":0},"end":{"line":129,"column":37}},"129":{"start":{"line":130,"column":0},"end":{"line":130,"column":11}},"131":{"start":{"line":132,"column":0},"end":{"line":132,"column":57}},"132":{"start":{"line":133,"column":0},"end":{"line":133,"column":60}},"134":{"start":{"line":135,"column":0},"end":{"line":135,"column":16}},"135":{"start":{"line":136,"column":0},"end":{"line":136,"column":26}},"136":{"start":{"line":137,"column":0},"end":{"line":137,"column":33}},"137":{"start":{"line":138,"column":0},"end":{"line":138,"column":48}},"138":{"start":{"line":139,"column":0},"end":{"line":139,"column":55}},"139":{"start":{"line":140,"column":0},"end":{"line":140,"column":10}},"140":{"start":{"line":141,"column":0},"end":{"line":141,"column":5}},"142":{"start":{"line":143,"column":0},"end":{"line":143,"column":19}},"143":{"start":{"line":144,"column":0},"end":{"line":144,"column":39}},"144":{"start":{"line":145,"column":0},"end":{"line":145,"column":35}},"145":{"start":{"line":146,"column":0},"end":{"line":146,"column":48}},"146":{"start":{"line":147,"column":0},"end":{"line":147,"column":26}},"147":{"start":{"line":148,"column":0},"end":{"line":148,"column":42}},"148":{"start":{"line":149,"column":0},"end":{"line":149,"column":49}},"149":{"start":{"line":150,"column":0},"end":{"line":150,"column":18}},"150":{"start":{"line":151,"column":0},"end":{"line":151,"column":41}},"151":{"start":{"line":152,"column":0},"end":{"line":152,"column":15}},"152":{"start":{"line":153,"column":0},"end":{"line":153,"column":51}},"153":{"start":{"line":154,"column":0},"end":{"line":154,"column":9}},"155":{"start":{"line":156,"column":0},"end":{"line":156,"column":74}},"156":{"start":{"line":157,"column":0},"end":{"line":157,"column":27}},"157":{"start":{"line":158,"column":0},"end":{"line":158,"column":35}},"158":{"start":{"line":159,"column":0},"end":{"line":159,"column":48}},"159":{"start":{"line":160,"column":0},"end":{"line":160,"column":26}},"160":{"start":{"line":161,"column":0},"end":{"line":161,"column":42}},"161":{"start":{"line":162,"column":0},"end":{"line":162,"column":55}},"162":{"start":{"line":163,"column":0},"end":{"line":163,"column":84}},"163":{"start":{"line":164,"column":0},"end":{"line":164,"column":18}},"164":{"start":{"line":165,"column":0},"end":{"line":165,"column":41}},"165":{"start":{"line":166,"column":0},"end":{"line":166,"column":15}},"166":{"start":{"line":167,"column":0},"end":{"line":167,"column":78}},"167":{"start":{"line":168,"column":0},"end":{"line":168,"column":9}},"169":{"start":{"line":170,"column":0},"end":{"line":170,"column":50}},"170":{"start":{"line":171,"column":0},"end":{"line":171,"column":31}},"172":{"start":{"line":173,"column":0},"end":{"line":173,"column":16}},"173":{"start":{"line":174,"column":0},"end":{"line":174,"column":26}},"174":{"start":{"line":175,"column":0},"end":{"line":175,"column":43}},"175":{"start":{"line":176,"column":0},"end":{"line":176,"column":36}},"176":{"start":{"line":177,"column":0},"end":{"line":177,"column":10}},"177":{"start":{"line":178,"column":0},"end":{"line":178,"column":5}},"179":{"start":{"line":180,"column":0},"end":{"line":180,"column":37}},"180":{"start":{"line":181,"column":0},"end":{"line":181,"column":47}},"181":{"start":{"line":182,"column":0},"end":{"line":182,"column":5}},"183":{"start":{"line":184,"column":0},"end":{"line":184,"column":43}},"184":{"start":{"line":185,"column":0},"end":{"line":185,"column":27}},"185":{"start":{"line":186,"column":0},"end":{"line":186,"column":5}},"187":{"start":{"line":188,"column":0},"end":{"line":188,"column":35}},"188":{"start":{"line":189,"column":0},"end":{"line":189,"column":30}},"189":{"start":{"line":190,"column":0},"end":{"line":190,"column":5}},"190":{"start":{"line":191,"column":0},"end":{"line":191,"column":1}}},"s":{"2":1,"6":1,"7":16,"8":16,"9":16,"10":16,"11":16,"12":16,"14":16,"15":16,"16":16,"17":16,"19":16,"20":16,"21":16,"23":16,"24":16,"25":16,"27":16,"28":13,"29":2,"30":2,"31":2,"32":2,"33":2,"34":2,"35":2,"36":2,"37":2,"38":2,"39":2,"40":11,"41":13,"43":16,"44":1,"45":1,"47":16,"48":12,"49":12,"50":2,"51":2,"52":2,"53":2,"54":2,"55":2,"56":2,"57":2,"58":2,"59":2,"60":10,"61":10,"62":10,"63":12,"65":16,"66":9,"67":1,"68":1,"69":1,"70":1,"71":1,"72":1,"73":1,"74":1,"75":1,"76":1,"78":9,"79":2,"80":2,"81":2,"82":2,"83":2,"84":2,"85":2,"86":2,"87":2,"88":2,"90":9,"91":2,"92":2,"93":2,"94":2,"95":2,"96":2,"97":2,"98":2,"99":2,"100":2,"101":2,"102":2,"104":4,"106":9,"107":0,"108":0,"109":0,"110":0,"111":0,"112":0,"113":0,"114":0,"115":0,"116":0,"117":0,"119":9,"121":9,"122":9,"123":9,"124":9,"125":9,"126":9,"127":9,"128":9,"129":9,"131":9,"132":9,"134":9,"135":9,"136":9,"137":9,"138":9,"139":9,"140":9,"142":16,"143":0,"144":0,"145":0,"146":0,"147":0,"148":0,"149":0,"150":0,"151":0,"152":0,"153":0,"155":0,"156":0,"157":0,"158":0,"159":0,"160":0,"161":0,"162":0,"163":0,"164":0,"165":0,"166":0,"167":0,"169":0,"170":0,"172":0,"173":0,"174":0,"175":0,"176":0,"177":0,"179":16,"180":0,"181":0,"183":16,"184":0,"185":0,"187":16,"188":0,"189":0,"190":16},"branchMap":{"0":{"type":"branch","line":7,"loc":{"start":{"line":7,"column":28},"end":{"line":191,"column":1}},"locations":[{"start":{"line":7,"column":28},"end":{"line":191,"column":1}}]},"1":{"type":"branch","line":15,"loc":{"start":{"line":15,"column":4},"end":{"line":18,"column":5}},"locations":[{"start":{"line":15,"column":4},"end":{"line":18,"column":5}}]},"2":{"type":"branch","line":16,"loc":{"start":{"line":16,"column":25},"end":{"line":16,"column":54}},"locations":[{"start":{"line":16,"column":25},"end":{"line":16,"column":54}}]},"3":{"type":"branch","line":20,"loc":{"start":{"line":20,"column":12},"end":{"line":22,"column":5}},"locations":[{"start":{"line":20,"column":12},"end":{"line":22,"column":5}}]},"4":{"type":"branch","line":24,"loc":{"start":{"line":24,"column":4},"end":{"line":26,"column":5}},"locations":[{"start":{"line":24,"column":4},"end":{"line":26,"column":5}}]},"5":{"type":"branch","line":28,"loc":{"start":{"line":28,"column":4},"end":{"line":42,"column":5}},"locations":[{"start":{"line":28,"column":4},"end":{"line":42,"column":5}}]},"6":{"type":"branch","line":29,"loc":{"start":{"line":29,"column":25},"end":{"line":40,"column":9}},"locations":[{"start":{"line":29,"column":25},"end":{"line":40,"column":9}}]},"7":{"type":"branch","line":40,"loc":{"start":{"line":40,"column":8},"end":{"line":41,"column":37}},"locations":[{"start":{"line":40,"column":8},"end":{"line":41,"column":37}}]},"8":{"type":"branch","line":44,"loc":{"start":{"line":44,"column":4},"end":{"line":46,"column":5}},"locations":[{"start":{"line":44,"column":4},"end":{"line":46,"column":5}}]},"9":{"type":"branch","line":48,"loc":{"start":{"line":48,"column":4},"end":{"line":64,"column":5}},"locations":[{"start":{"line":48,"column":4},"end":{"line":64,"column":5}}]},"10":{"type":"branch","line":50,"loc":{"start":{"line":50,"column":22},"end":{"line":60,"column":9}},"locations":[{"start":{"line":50,"column":22},"end":{"line":60,"column":9}}]},"11":{"type":"branch","line":60,"loc":{"start":{"line":60,"column":8},"end":{"line":63,"column":23}},"locations":[{"start":{"line":60,"column":8},"end":{"line":63,"column":23}}]},"12":{"type":"branch","line":66,"loc":{"start":{"line":66,"column":4},"end":{"line":141,"column":5}},"locations":[{"start":{"line":66,"column":4},"end":{"line":141,"column":5}}]},"13":{"type":"branch","line":67,"loc":{"start":{"line":67,"column":18},"end":{"line":67,"column":64}},"locations":[{"start":{"line":67,"column":18},"end":{"line":67,"column":64}}]},"14":{"type":"branch","line":67,"loc":{"start":{"line":67,"column":64},"end":{"line":77,"column":9}},"locations":[{"start":{"line":67,"column":64},"end":{"line":77,"column":9}}]},"15":{"type":"branch","line":77,"loc":{"start":{"line":77,"column":8},"end":{"line":79,"column":64}},"locations":[{"start":{"line":77,"column":8},"end":{"line":79,"column":64}}]},"16":{"type":"branch","line":79,"loc":{"start":{"line":79,"column":64},"end":{"line":89,"column":9}},"locations":[{"start":{"line":79,"column":64},"end":{"line":89,"column":9}}]},"17":{"type":"branch","line":89,"loc":{"start":{"line":89,"column":8},"end":{"line":91,"column":61}},"locations":[{"start":{"line":89,"column":8},"end":{"line":91,"column":61}}]},"18":{"type":"branch","line":91,"loc":{"start":{"line":91,"column":61},"end":{"line":107,"column":77}},"locations":[{"start":{"line":91,"column":61},"end":{"line":107,"column":77}}]},"19":{"type":"branch","line":91,"loc":{"start":{"line":91,"column":61},"end":{"line":103,"column":9}},"locations":[{"start":{"line":91,"column":61},"end":{"line":103,"column":9}}]},"20":{"type":"branch","line":103,"loc":{"start":{"line":103,"column":8},"end":{"line":107,"column":77}},"locations":[{"start":{"line":103,"column":8},"end":{"line":107,"column":77}}]},"21":{"type":"branch","line":107,"loc":{"start":{"line":107,"column":77},"end":{"line":118,"column":9}},"locations":[{"start":{"line":107,"column":77},"end":{"line":118,"column":9}}]},"22":{"type":"branch","line":118,"loc":{"start":{"line":118,"column":8},"end":{"line":120,"column":95}},"locations":[{"start":{"line":118,"column":8},"end":{"line":120,"column":95}}]},"23":{"type":"branch","line":120,"loc":{"start":{"line":120,"column":85},"end":{"line":120,"column":95}},"locations":[{"start":{"line":120,"column":85},"end":{"line":120,"column":95}}]},"24":{"type":"branch","line":120,"loc":{"start":{"line":120,"column":91},"end":{"line":120,"column":98}},"locations":[{"start":{"line":120,"column":91},"end":{"line":120,"column":98}}]},"25":{"type":"branch","line":122,"loc":{"start":{"line":122,"column":13},"end":{"line":122,"column":29}},"locations":[{"start":{"line":122,"column":13},"end":{"line":122,"column":29}}]}},"b":{"0":[16],"1":[16],"2":[0],"3":[16],"4":[16],"5":[13],"6":[2],"7":[11],"8":[1],"9":[12],"10":[2],"11":[10],"12":[9],"13":[8],"14":[1],"15":[8],"16":[2],"17":[6],"18":[7],"19":[2],"20":[4],"21":[0],"22":[4],"23":[0],"24":[0],"25":[4]},"fnMap":{"0":{"name":"<instance_members_initializer>","decl":{"start":{"line":7,"column":28},"end":{"line":191,"column":1}},"loc":{"start":{"line":7,"column":28},"end":{"line":191,"column":1}},"line":7},"1":{"name":"VendingMachine","decl":{"start":{"line":15,"column":4},"end":{"line":18,"column":5}},"loc":{"start":{"line":15,"column":4},"end":{"line":18,"column":5}},"line":15},"2":{"name":"generateSessionId","decl":{"start":{"line":20,"column":12},"end":{"line":22,"column":5}},"loc":{"start":{"line":20,"column":12},"end":{"line":22,"column":5}},"line":20},"3":{"name":"setLogger","decl":{"start":{"line":24,"column":4},"end":{"line":26,"column":5}},"loc":{"start":{"line":24,"column":4},"end":{"line":26,"column":5}},"line":24},"4":{"name":"insertMoney","decl":{"start":{"line":28,"column":4},"end":{"line":42,"column":5}},"loc":{"start":{"line":28,"column":4},"end":{"line":42,"column":5}},"line":28},"5":{"name":"getTotalInserted","decl":{"start":{"line":44,"column":4},"end":{"line":46,"column":5}},"loc":{"start":{"line":44,"column":4},"end":{"line":46,"column":5}},"line":44},"6":{"name":"selectProduct","decl":{"start":{"line":48,"column":4},"end":{"line":64,"column":5}},"loc":{"start":{"line":48,"column":4},"end":{"line":64,"column":5}},"line":48},"7":{"name":"completePurchase","decl":{"start":{"line":66,"column":4},"end":{"line":141,"column":5}},"loc":{"start":{"line":66,"column":4},"end":{"line":141,"column":5}},"line":66},"8":{"name":"refundMoney","decl":{"start":{"line":143,"column":4},"end":{"line":178,"column":5}},"loc":{"start":{"line":143,"column":4},"end":{"line":178,"column":5}},"line":143},"9":{"name":"getProducts","decl":{"start":{"line":180,"column":4},"end":{"line":182,"column":5}},"loc":{"start":{"line":180,"column":4},"end":{"line":182,"column":5}},"line":180},"10":{"name":"getLogger","decl":{"start":{"line":184,"column":4},"end":{"line":186,"column":5}},"loc":{"start":{"line":184,"column":4},"end":{"line":186,"column":5}},"line":184},"11":{"name":"getCurrentSessionId","decl":{"start":{"line":188,"column":4},"end":{"line":190,"column":5}},"loc":{"start":{"line":188,"column":4},"end":{"line":190,"column":5}},"line":188}},"f":{"0":16,"1":16,"2":16,"3":16,"4":13,"5":1,"6":12,"7":9,"8":0,"9":0,"10":0,"11":0}}
,"C:\\Users\\escaf\\Documents\\Ynov\\Ynov\\vending-machine-svelte\\src\\core\\entities\\ProductDisplay.ts": {"path":"C:\\Users\\escaf\\Documents\\Ynov\\Ynov\\vending-machine-svelte\\src\\core\\entities\\ProductDisplay.ts","all":true,"statementMap":{},"s":{},"branchMap":{"0":{"type":"branch","line":1,"loc":{"start":{"line":1,"column":145},"end":{"line":6,"column":1}},"locations":[{"start":{"line":1,"column":145},"end":{"line":6,"column":1}}]}},"b":{"0":[1]},"fnMap":{"0":{"name":"(empty-report)","decl":{"start":{"line":1,"column":145},"end":{"line":6,"column":1}},"loc":{"start":{"line":1,"column":145},"end":{"line":6,"column":1}},"line":1}},"f":{"0":1}}
,"C:\\Users\\escaf\\Documents\\Ynov\\Ynov\\vending-machine-svelte\\src\\core\\factories\\VendingMachineFactory.ts": {"path":"C:\\Users\\escaf\\Documents\\Ynov\\Ynov\\vending-machine-svelte\\src\\core\\factories\\VendingMachineFactory.ts","all":false,"statementMap":{"1":{"start":{"line":2,"column":0},"end":{"line":2,"column":51}},"2":{"start":{"line":3,"column":0},"end":{"line":3,"column":41}},"3":{"start":{"line":4,"column":0},"end":{"line":4,"column":47}},"4":{"start":{"line":5,"column":0},"end":{"line":5,"column":64}},"10":{"start":{"line":11,"column":0},"end":{"line":11,"column":74}},"11":{"start":{"line":12,"column":0},"end":{"line":12,"column":73}},"12":{"start":{"line":13,"column":0},"end":{"line":13,"column":62}},"14":{"start":{"line":15,"column":0},"end":{"line":15,"column":42}},"15":{"start":{"line":16,"column":0},"end":{"line":16,"column":36}},"16":{"start":{"line":17,"column":0},"end":{"line":17,"column":36}},"17":{"start":{"line":18,"column":0},"end":{"line":18,"column":35}},"18":{"start":{"line":19,"column":0},"end":{"line":19,"column":35}},"19":{"start":{"line":20,"column":0},"end":{"line":20,"column":35}},"21":{"start":{"line":22,"column":0},"end":{"line":22,"column":79}},"23":{"start":{"line":24,"column":0},"end":{"line":24,"column":65}},"25":{"start":{"line":26,"column":0},"end":{"line":26,"column":30}},"26":{"start":{"line":27,"column":0},"end":{"line":27,"column":5}},"27":{"start":{"line":28,"column":0},"end":{"line":28,"column":1}},"29":{"start":{"line":30,"column":0},"end":{"line":30,"column":74}},"30":{"start":{"line":31,"column":0},"end":{"line":31,"column":73}},"31":{"start":{"line":32,"column":0},"end":{"line":32,"column":62}},"33":{"start":{"line":34,"column":0},"end":{"line":34,"column":42}},"34":{"start":{"line":35,"column":0},"end":{"line":35,"column":36}},"35":{"start":{"line":36,"column":0},"end":{"line":36,"column":36}},"36":{"start":{"line":37,"column":0},"end":{"line":37,"column":35}},"37":{"start":{"line":38,"column":0},"end":{"line":38,"column":35}},"38":{"start":{"line":39,"column":0},"end":{"line":39,"column":35}},"40":{"start":{"line":41,"column":0},"end":{"line":41,"column":79}},"42":{"start":{"line":43,"column":0},"end":{"line":43,"column":65}},"44":{"start":{"line":45,"column":0},"end":{"line":45,"column":30}},"45":{"start":{"line":46,"column":0},"end":{"line":46,"column":5}},"46":{"start":{"line":47,"column":0},"end":{"line":47,"column":1}},"48":{"start":{"line":49,"column":0},"end":{"line":49,"column":69}}},"s":{"1":1,"2":1,"3":1,"4":1,"10":1,"11":1,"12":12,"14":12,"15":12,"16":12,"17":12,"18":12,"19":12,"21":12,"23":12,"25":12,"26":12,"27":1,"29":1,"30":1,"31":0,"33":0,"34":0,"35":0,"36":0,"37":0,"38":0,"40":0,"42":0,"44":0,"45":0,"46":1,"48":1},"branchMap":{"0":{"type":"branch","line":12,"loc":{"start":{"line":12,"column":11},"end":{"line":27,"column":5}},"locations":[{"start":{"line":12,"column":11},"end":{"line":27,"column":5}}]},"1":{"type":"branch","line":13,"loc":{"start":{"line":13,"column":33},"end":{"line":13,"column":62}},"locations":[{"start":{"line":13,"column":33},"end":{"line":13,"column":62}}]}},"b":{"0":[12],"1":[8]},"fnMap":{"0":{"name":"createVendingMachine","decl":{"start":{"line":12,"column":11},"end":{"line":27,"column":5}},"loc":{"start":{"line":12,"column":11},"end":{"line":27,"column":5}},"line":12},"1":{"name":"createVendingMachine","decl":{"start":{"line":31,"column":11},"end":{"line":46,"column":5}},"loc":{"start":{"line":31,"column":11},"end":{"line":46,"column":5}},"line":31}},"f":{"0":12,"1":0}}
,"C:\\Users\\escaf\\Documents\\Ynov\\Ynov\\vending-machine-svelte\\src\\core\\interfaces\\Iinventory.ts": {"path":"C:\\Users\\escaf\\Documents\\Ynov\\Ynov\\vending-machine-svelte\\src\\core\\interfaces\\Iinventory.ts","all":true,"statementMap":{},"s":{},"branchMap":{"0":{"type":"branch","line":1,"loc":{"start":{"line":1,"column":440},"end":{"line":11,"column":1}},"locations":[{"start":{"line":1,"column":440},"end":{"line":11,"column":1}}]}},"b":{"0":[1]},"fnMap":{"0":{"name":"(empty-report)","decl":{"start":{"line":1,"column":440},"end":{"line":11,"column":1}},"loc":{"start":{"line":1,"column":440},"end":{"line":11,"column":1}},"line":1}},"f":{"0":1}}
,"C:\\Users\\escaf\\Documents\\Ynov\\Ynov\\vending-machine-svelte\\src\\core\\interfaces\\Iproduct.ts": {"path":"C:\\Users\\escaf\\Documents\\Ynov\\Ynov\\vending-machine-svelte\\src\\core\\interfaces\\Iproduct.ts","all":true,"statementMap":{},"s":{},"branchMap":{"0":{"type":"branch","line":1,"loc":{"start":{"line":1,"column":92},"end":{"line":5,"column":1}},"locations":[{"start":{"line":1,"column":92},"end":{"line":5,"column":1}}]}},"b":{"0":[1]},"fnMap":{"0":{"name":"(empty-report)","decl":{"start":{"line":1,"column":92},"end":{"line":5,"column":1}},"loc":{"start":{"line":1,"column":92},"end":{"line":5,"column":1}},"line":1}},"f":{"0":1}}
,"C:\\Users\\escaf\\Documents\\Ynov\\Ynov\\vending-machine-svelte\\src\\core\\interfaces\\ItransactionLogger.ts": {"path":"C:\\Users\\escaf\\Documents\\Ynov\\Ynov\\vending-machine-svelte\\src\\core\\interfaces\\ItransactionLogger.ts","all":true,"statementMap":{},"s":{},"branchMap":{"0":{"type":"branch","line":1,"loc":{"start":{"line":1,"column":1046},"end":{"line":40,"column":1}},"locations":[{"start":{"line":1,"column":1046},"end":{"line":40,"column":1}}]}},"b":{"0":[1]},"fnMap":{"0":{"name":"(empty-report)","decl":{"start":{"line":1,"column":1046},"end":{"line":40,"column":1}},"loc":{"start":{"line":1,"column":1046},"end":{"line":40,"column":1}},"line":1}},"f":{"0":1}}
,"C:\\Users\\escaf\\Documents\\Ynov\\Ynov\\vending-machine-svelte\\src\\core\\logger\\TransactionLogger.ts": {"path":"C:\\Users\\escaf\\Documents\\Ynov\\Ynov\\vending-machine-svelte\\src\\core\\logger\\TransactionLogger.ts","all":false,"statementMap":{"3":{"start":{"line":4,"column":0},"end":{"line":4,"column":62}},"4":{"start":{"line":5,"column":0},"end":{"line":5,"column":44}},"5":{"start":{"line":6,"column":0},"end":{"line":6,"column":37}},"6":{"start":{"line":7,"column":0},"end":{"line":7,"column":55}},"8":{"start":{"line":9,"column":0},"end":{"line":9,"column":16}},"9":{"start":{"line":10,"column":0},"end":{"line":10,"column":25}},"10":{"start":{"line":11,"column":0},"end":{"line":11,"column":2}},"12":{"start":{"line":13,"column":0},"end":{"line":13,"column":42}},"13":{"start":{"line":14,"column":0},"end":{"line":14,"column":36}},"14":{"start":{"line":15,"column":0},"end":{"line":15,"column":56}},"15":{"start":{"line":16,"column":0},"end":{"line":16,"column":3}},"16":{"start":{"line":17,"column":0},"end":{"line":17,"column":36}},"17":{"start":{"line":18,"column":0},"end":{"line":18,"column":2}},"19":{"start":{"line":20,"column":0},"end":{"line":20,"column":83}},"20":{"start":{"line":21,"column":0},"end":{"line":21,"column":49}},"22":{"start":{"line":23,"column":0},"end":{"line":23,"column":73}},"23":{"start":{"line":24,"column":0},"end":{"line":24,"column":36}},"24":{"start":{"line":25,"column":0},"end":{"line":25,"column":3}},"26":{"start":{"line":27,"column":0},"end":{"line":27,"column":16}},"27":{"start":{"line":28,"column":0},"end":{"line":28,"column":2}},"29":{"start":{"line":30,"column":0},"end":{"line":30,"column":59}},"30":{"start":{"line":31,"column":0},"end":{"line":31,"column":24}},"31":{"start":{"line":32,"column":0},"end":{"line":32,"column":16}},"32":{"start":{"line":33,"column":0},"end":{"line":33,"column":39}},"33":{"start":{"line":34,"column":0},"end":{"line":34,"column":10}},"34":{"start":{"line":35,"column":0},"end":{"line":35,"column":4}},"36":{"start":{"line":37,"column":0},"end":{"line":37,"column":19}},"37":{"start":{"line":38,"column":0},"end":{"line":38,"column":2}},"39":{"start":{"line":40,"column":0},"end":{"line":40,"column":62}},"40":{"start":{"line":41,"column":0},"end":{"line":41,"column":25}},"41":{"start":{"line":42,"column":0},"end":{"line":42,"column":17}},"42":{"start":{"line":43,"column":0},"end":{"line":43,"column":39}},"43":{"start":{"line":44,"column":0},"end":{"line":44,"column":11}},"44":{"start":{"line":45,"column":0},"end":{"line":45,"column":4}},"46":{"start":{"line":47,"column":0},"end":{"line":47,"column":19}},"47":{"start":{"line":48,"column":0},"end":{"line":48,"column":2}},"49":{"start":{"line":50,"column":0},"end":{"line":50,"column":68}},"50":{"start":{"line":51,"column":0},"end":{"line":51,"column":27}},"51":{"start":{"line":52,"column":0},"end":{"line":52,"column":19}},"52":{"start":{"line":53,"column":0},"end":{"line":53,"column":39}},"53":{"start":{"line":54,"column":0},"end":{"line":54,"column":13}},"54":{"start":{"line":55,"column":0},"end":{"line":55,"column":4}},"56":{"start":{"line":57,"column":0},"end":{"line":57,"column":19}},"57":{"start":{"line":58,"column":0},"end":{"line":58,"column":2}},"59":{"start":{"line":60,"column":0},"end":{"line":60,"column":33}},"60":{"start":{"line":61,"column":0},"end":{"line":61,"column":24}},"61":{"start":{"line":62,"column":0},"end":{"line":62,"column":2}},"63":{"start":{"line":64,"column":0},"end":{"line":64,"column":99}},"64":{"start":{"line":65,"column":0},"end":{"line":65,"column":94}},"65":{"start":{"line":66,"column":0},"end":{"line":66,"column":2}},"67":{"start":{"line":68,"column":0},"end":{"line":68,"column":48}},"68":{"start":{"line":69,"column":0},"end":{"line":69,"column":65}},"69":{"start":{"line":70,"column":0},"end":{"line":70,"column":2}},"71":{"start":{"line":72,"column":0},"end":{"line":72,"column":20}},"72":{"start":{"line":73,"column":0},"end":{"line":73,"column":17}},"73":{"start":{"line":74,"column":0},"end":{"line":74,"column":27}},"74":{"start":{"line":75,"column":0},"end":{"line":75,"column":2}},"76":{"start":{"line":77,"column":0},"end":{"line":77,"column":44}},"77":{"start":{"line":78,"column":0},"end":{"line":78,"column":22}},"78":{"start":{"line":79,"column":0},"end":{"line":79,"column":23}},"80":{"start":{"line":81,"column":0},"end":{"line":81,"column":38}},"81":{"start":{"line":82,"column":0},"end":{"line":82,"column":66}},"82":{"start":{"line":83,"column":0},"end":{"line":83,"column":39}},"83":{"start":{"line":84,"column":0},"end":{"line":84,"column":7}},"84":{"start":{"line":85,"column":0},"end":{"line":85,"column":3}},"85":{"start":{"line":86,"column":0},"end":{"line":86,"column":2}},"87":{"start":{"line":88,"column":0},"end":{"line":88,"column":32}},"88":{"start":{"line":89,"column":0},"end":{"line":89,"column":7}},"89":{"start":{"line":90,"column":0},"end":{"line":90,"column":62}},"90":{"start":{"line":91,"column":0},"end":{"line":91,"column":70}},"91":{"start":{"line":92,"column":0},"end":{"line":92,"column":4}},"92":{"start":{"line":93,"column":0},"end":{"line":93,"column":19}},"93":{"start":{"line":94,"column":0},"end":{"line":94,"column":63}},"94":{"start":{"line":95,"column":0},"end":{"line":95,"column":3}},"95":{"start":{"line":96,"column":0},"end":{"line":96,"column":2}},"97":{"start":{"line":98,"column":0},"end":{"line":98,"column":34}},"98":{"start":{"line":99,"column":0},"end":{"line":99,"column":7}},"99":{"start":{"line":100,"column":0},"end":{"line":100,"column":62}},"100":{"start":{"line":101,"column":0},"end":{"line":101,"column":58}},"101":{"start":{"line":102,"column":0},"end":{"line":102,"column":17}},"102":{"start":{"line":103,"column":0},"end":{"line":103,"column":36}},"103":{"start":{"line":104,"column":0},"end":{"line":104,"column":5}},"104":{"start":{"line":105,"column":0},"end":{"line":105,"column":4}},"105":{"start":{"line":106,"column":0},"end":{"line":106,"column":19}},"106":{"start":{"line":107,"column":0},"end":{"line":107,"column":81}},"107":{"start":{"line":108,"column":0},"end":{"line":108,"column":18}},"108":{"start":{"line":109,"column":0},"end":{"line":109,"column":3}},"109":{"start":{"line":110,"column":0},"end":{"line":110,"column":2}},"111":{"start":{"line":112,"column":0},"end":{"line":112,"column":36}},"112":{"start":{"line":113,"column":0},"end":{"line":113,"column":7}},"113":{"start":{"line":114,"column":0},"end":{"line":114,"column":62}},"114":{"start":{"line":115,"column":0},"end":{"line":115,"column":46}},"115":{"start":{"line":116,"column":0},"end":{"line":116,"column":4}},"116":{"start":{"line":117,"column":0},"end":{"line":117,"column":19}},"117":{"start":{"line":118,"column":0},"end":{"line":118,"column":67}},"118":{"start":{"line":119,"column":0},"end":{"line":119,"column":3}},"119":{"start":{"line":120,"column":0},"end":{"line":120,"column":2}},"121":{"start":{"line":122,"column":0},"end":{"line":122,"column":39}},"122":{"start":{"line":123,"column":0},"end":{"line":123,"column":26}},"123":{"start":{"line":124,"column":0},"end":{"line":124,"column":77}},"124":{"start":{"line":125,"column":0},"end":{"line":125,"column":30}},"126":{"start":{"line":127,"column":0},"end":{"line":127,"column":66}},"127":{"start":{"line":128,"column":0},"end":{"line":128,"column":2}},"129":{"start":{"line":130,"column":0},"end":{"line":130,"column":94}},"130":{"start":{"line":131,"column":0},"end":{"line":131,"column":47}},"132":{"start":{"line":133,"column":0},"end":{"line":133,"column":42}},"134":{"start":{"line":135,"column":0},"end":{"line":135,"column":60}},"135":{"start":{"line":136,"column":0},"end":{"line":136,"column":59}},"136":{"start":{"line":137,"column":0},"end":{"line":137,"column":34}},"137":{"start":{"line":138,"column":0},"end":{"line":138,"column":34}},"138":{"start":{"line":139,"column":0},"end":{"line":139,"column":12}},"139":{"start":{"line":140,"column":0},"end":{"line":140,"column":5}},"140":{"start":{"line":141,"column":0},"end":{"line":141,"column":36}},"141":{"start":{"line":142,"column":0},"end":{"line":142,"column":17}},"142":{"start":{"line":143,"column":0},"end":{"line":143,"column":88}},"144":{"start":{"line":145,"column":0},"end":{"line":145,"column":63}},"145":{"start":{"line":146,"column":0},"end":{"line":146,"column":46}},"146":{"start":{"line":147,"column":0},"end":{"line":147,"column":4}},"147":{"start":{"line":148,"column":0},"end":{"line":148,"column":2}},"149":{"start":{"line":150,"column":0},"end":{"line":150,"column":29}},"150":{"start":{"line":151,"column":0},"end":{"line":151,"column":55}},"151":{"start":{"line":152,"column":0},"end":{"line":152,"column":35}},"152":{"start":{"line":153,"column":0},"end":{"line":153,"column":2}},"154":{"start":{"line":155,"column":0},"end":{"line":155,"column":32}},"155":{"start":{"line":156,"column":0},"end":{"line":156,"column":55}},"156":{"start":{"line":157,"column":0},"end":{"line":157,"column":77}},"157":{"start":{"line":158,"column":0},"end":{"line":158,"column":2}},"158":{"start":{"line":159,"column":0},"end":{"line":159,"column":1}}},"s":{"3":1,"4":15,"5":15,"6":15,"8":15,"9":13,"10":13,"12":15,"13":16,"14":2,"15":2,"16":16,"17":16,"19":15,"20":12,"22":12,"23":12,"24":12,"26":12,"27":12,"29":15,"30":19,"31":19,"32":19,"33":19,"34":19,"36":19,"37":19,"39":15,"40":13,"41":13,"42":13,"43":13,"44":13,"46":13,"47":13,"49":15,"50":1,"51":1,"52":1,"53":1,"54":1,"56":1,"57":1,"59":15,"60":4,"61":4,"63":15,"64":13,"65":13,"67":15,"68":3,"69":3,"71":15,"72":16,"73":16,"74":16,"76":15,"77":33,"78":33,"80":33,"81":0,"82":0,"83":0,"84":0,"85":33,"87":15,"88":33,"89":33,"90":0,"91":0,"92":33,"93":0,"94":0,"95":33,"97":15,"98":13,"99":13,"100":0,"101":0,"102":0,"103":0,"104":0,"105":13,"106":0,"107":0,"108":0,"109":13,"111":15,"112":16,"113":16,"114":0,"115":0,"116":16,"117":0,"118":0,"119":16,"121":15,"122":2,"123":1,"124":1,"126":2,"127":2,"129":15,"130":1,"132":1,"134":1,"135":3,"136":2,"137":2,"138":2,"139":2,"140":3,"141":3,"142":1,"144":1,"145":1,"146":1,"147":1,"149":15,"150":1,"151":1,"152":1,"154":15,"155":1,"156":1,"157":1,"158":15},"branchMap":{"0":{"type":"branch","line":4,"loc":{"start":{"line":4,"column":61},"end":{"line":159,"column":1}},"locations":[{"start":{"line":4,"column":61},"end":{"line":159,"column":1}}]},"1":{"type":"branch","line":9,"loc":{"start":{"line":9,"column":1},"end":{"line":11,"column":2}},"locations":[{"start":{"line":9,"column":1},"end":{"line":11,"column":2}}]},"2":{"type":"branch","line":13,"loc":{"start":{"line":13,"column":8},"end":{"line":18,"column":2}},"locations":[{"start":{"line":13,"column":8},"end":{"line":18,"column":2}}]},"3":{"type":"branch","line":14,"loc":{"start":{"line":14,"column":35},"end":{"line":16,"column":3}},"locations":[{"start":{"line":14,"column":35},"end":{"line":16,"column":3}}]},"4":{"type":"branch","line":20,"loc":{"start":{"line":20,"column":8},"end":{"line":28,"column":2}},"locations":[{"start":{"line":20,"column":8},"end":{"line":28,"column":2}}]},"5":{"type":"branch","line":30,"loc":{"start":{"line":30,"column":1},"end":{"line":38,"column":2}},"locations":[{"start":{"line":30,"column":1},"end":{"line":38,"column":2}}]},"6":{"type":"branch","line":40,"loc":{"start":{"line":40,"column":1},"end":{"line":48,"column":2}},"locations":[{"start":{"line":40,"column":1},"end":{"line":48,"column":2}}]},"7":{"type":"branch","line":50,"loc":{"start":{"line":50,"column":1},"end":{"line":58,"column":2}},"locations":[{"start":{"line":50,"column":1},"end":{"line":58,"column":2}}]},"8":{"type":"branch","line":60,"loc":{"start":{"line":60,"column":1},"end":{"line":62,"column":2}},"locations":[{"start":{"line":60,"column":1},"end":{"line":62,"column":2}}]},"9":{"type":"branch","line":64,"loc":{"start":{"line":64,"column":1},"end":{"line":66,"column":2}},"locations":[{"start":{"line":64,"column":1},"end":{"line":66,"column":2}}]},"10":{"type":"branch","line":65,"loc":{"start":{"line":65,"column":26},"end":{"line":65,"column":50}},"locations":[{"start":{"line":65,"column":26},"end":{"line":65,"column":50}}]},"11":{"type":"branch","line":68,"loc":{"start":{"line":68,"column":1},"end":{"line":70,"column":2}},"locations":[{"start":{"line":68,"column":1},"end":{"line":70,"column":2}}]},"12":{"type":"branch","line":69,"loc":{"start":{"line":69,"column":26},"end":{"line":69,"column":63}},"locations":[{"start":{"line":69,"column":26},"end":{"line":69,"column":63}}]},"13":{"type":"branch","line":72,"loc":{"start":{"line":72,"column":1},"end":{"line":75,"column":2}},"locations":[{"start":{"line":72,"column":1},"end":{"line":75,"column":2}}]},"14":{"type":"branch","line":77,"loc":{"start":{"line":77,"column":9},"end":{"line":86,"column":2}},"locations":[{"start":{"line":77,"column":9},"end":{"line":86,"column":2}}]},"15":{"type":"branch","line":81,"loc":{"start":{"line":81,"column":37},"end":{"line":85,"column":3}},"locations":[{"start":{"line":81,"column":37},"end":{"line":85,"column":3}}]},"16":{"type":"branch","line":88,"loc":{"start":{"line":88,"column":9},"end":{"line":96,"column":2}},"locations":[{"start":{"line":88,"column":9},"end":{"line":96,"column":2}}]},"17":{"type":"branch","line":90,"loc":{"start":{"line":90,"column":25},"end":{"line":90,"column":61}},"locations":[{"start":{"line":90,"column":25},"end":{"line":90,"column":61}}]},"18":{"type":"branch","line":90,"loc":{"start":{"line":90,"column":61},"end":{"line":92,"column":4}},"locations":[{"start":{"line":90,"column":61},"end":{"line":92,"column":4}}]},"19":{"type":"branch","line":93,"loc":{"start":{"line":93,"column":2},"end":{"line":95,"column":3}},"locations":[{"start":{"line":93,"column":2},"end":{"line":95,"column":3}}]},"20":{"type":"branch","line":98,"loc":{"start":{"line":98,"column":9},"end":{"line":110,"column":2}},"locations":[{"start":{"line":98,"column":9},"end":{"line":110,"column":2}}]},"21":{"type":"branch","line":100,"loc":{"start":{"line":100,"column":25},"end":{"line":100,"column":61}},"locations":[{"start":{"line":100,"column":25},"end":{"line":100,"column":61}}]},"22":{"type":"branch","line":100,"loc":{"start":{"line":100,"column":61},"end":{"line":105,"column":4}},"locations":[{"start":{"line":100,"column":61},"end":{"line":105,"column":4}}]},"23":{"type":"branch","line":106,"loc":{"start":{"line":106,"column":2},"end":{"line":109,"column":3}},"locations":[{"start":{"line":106,"column":2},"end":{"line":109,"column":3}}]},"24":{"type":"branch","line":112,"loc":{"start":{"line":112,"column":9},"end":{"line":120,"column":2}},"locations":[{"start":{"line":112,"column":9},"end":{"line":120,"column":2}}]},"25":{"type":"branch","line":114,"loc":{"start":{"line":114,"column":25},"end":{"line":114,"column":61}},"locations":[{"start":{"line":114,"column":25},"end":{"line":114,"column":61}}]},"26":{"type":"branch","line":114,"loc":{"start":{"line":114,"column":61},"end":{"line":116,"column":4}},"locations":[{"start":{"line":114,"column":61},"end":{"line":116,"column":4}}]},"27":{"type":"branch","line":117,"loc":{"start":{"line":117,"column":2},"end":{"line":119,"column":3}},"locations":[{"start":{"line":117,"column":2},"end":{"line":119,"column":3}}]},"28":{"type":"branch","line":122,"loc":{"start":{"line":122,"column":1},"end":{"line":128,"column":2}},"locations":[{"start":{"line":122,"column":1},"end":{"line":128,"column":2}}]},"29":{"type":"branch","line":123,"loc":{"start":{"line":123,"column":20},"end":{"line":124,"column":77}},"locations":[{"start":{"line":123,"column":20},"end":{"line":124,"column":77}}]},"30":{"type":"branch","line":124,"loc":{"start":{"line":124,"column":61},"end":{"line":125,"column":30}},"locations":[{"start":{"line":124,"column":61},"end":{"line":125,"column":30}}]},"31":{"type":"branch","line":124,"loc":{"start":{"line":124,"column":35},"end":{"line":124,"column":61}},"locations":[{"start":{"line":124,"column":35},"end":{"line":124,"column":61}}]},"32":{"type":"branch","line":127,"loc":{"start":{"line":127,"column":26},"end":{"line":127,"column":63}},"locations":[{"start":{"line":127,"column":26},"end":{"line":127,"column":63}}]},"33":{"type":"branch","line":130,"loc":{"start":{"line":130,"column":1},"end":{"line":148,"column":2}},"locations":[{"start":{"line":130,"column":1},"end":{"line":148,"column":2}}]},"34":{"type":"branch","line":133,"loc":{"start":{"line":133,"column":30},"end":{"line":133,"column":42}},"locations":[{"start":{"line":133,"column":30},"end":{"line":133,"column":42}}]},"35":{"type":"branch","line":135,"loc":{"start":{"line":135,"column":41},"end":{"line":143,"column":5}},"locations":[{"start":{"line":135,"column":41},"end":{"line":143,"column":5}}]},"36":{"type":"branch","line":136,"loc":{"start":{"line":136,"column":53},"end":{"line":140,"column":5}},"locations":[{"start":{"line":136,"column":53},"end":{"line":140,"column":5}}]},"37":{"type":"branch","line":145,"loc":{"start":{"line":145,"column":45},"end":{"line":146,"column":46}},"locations":[{"start":{"line":145,"column":45},"end":{"line":146,"column":46}}]},"38":{"type":"branch","line":146,"loc":{"start":{"line":146,"column":24},"end":{"line":146,"column":42}},"locations":[{"start":{"line":146,"column":24},"end":{"line":146,"column":42}}]},"39":{"type":"branch","line":150,"loc":{"start":{"line":150,"column":1},"end":{"line":153,"column":2}},"locations":[{"start":{"line":150,"column":1},"end":{"line":153,"column":2}}]},"40":{"type":"branch","line":155,"loc":{"start":{"line":155,"column":1},"end":{"line":158,"column":2}},"locations":[{"start":{"line":155,"column":1},"end":{"line":158,"column":2}}]},"41":{"type":"branch","line":157,"loc":{"start":{"line":157,"column":42},"end":{"line":157,"column":68}},"locations":[{"start":{"line":157,"column":42},"end":{"line":157,"column":68}}]}},"b":{"0":[15],"1":[13],"2":[16],"3":[2],"4":[12],"5":[19],"6":[13],"7":[1],"8":[4],"9":[13],"10":[23],"11":[3],"12":[9],"13":[16],"14":[33],"15":[0],"16":[33],"17":[0],"18":[0],"19":[0],"20":[13],"21":[0],"22":[0],"23":[0],"24":[16],"25":[0],"26":[0],"27":[0],"28":[2],"29":[1],"30":[1],"31":[3],"32":[6],"33":[1],"34":[0],"35":[3],"36":[2],"37":[1],"38":[0],"39":[1],"40":[1],"41":[3]},"fnMap":{"0":{"name":"<instance_members_initializer>","decl":{"start":{"line":4,"column":61},"end":{"line":159,"column":1}},"loc":{"start":{"line":4,"column":61},"end":{"line":159,"column":1}},"line":4},"1":{"name":"TransactionLogger","decl":{"start":{"line":9,"column":1},"end":{"line":11,"column":2}},"loc":{"start":{"line":9,"column":1},"end":{"line":11,"column":2}},"line":9},"2":{"name":"getInstance","decl":{"start":{"line":13,"column":8},"end":{"line":18,"column":2}},"loc":{"start":{"line":13,"column":8},"end":{"line":18,"column":2}},"line":13},"3":{"name":"initWithVendingMachine","decl":{"start":{"line":20,"column":8},"end":{"line":28,"column":2}},"loc":{"start":{"line":20,"column":8},"end":{"line":28,"column":2}},"line":20},"4":{"name":"logSale","decl":{"start":{"line":30,"column":1},"end":{"line":38,"column":2}},"loc":{"start":{"line":30,"column":1},"end":{"line":38,"column":2}},"line":30},"5":{"name":"logError","decl":{"start":{"line":40,"column":1},"end":{"line":48,"column":2}},"loc":{"start":{"line":40,"column":1},"end":{"line":48,"column":2}},"line":40},"6":{"name":"logRestock","decl":{"start":{"line":50,"column":1},"end":{"line":58,"column":2}},"loc":{"start":{"line":50,"column":1},"end":{"line":58,"column":2}},"line":50},"7":{"name":"getAllLogs","decl":{"start":{"line":60,"column":1},"end":{"line":62,"column":2}},"loc":{"start":{"line":60,"column":1},"end":{"line":62,"column":2}},"line":60},"8":{"name":"getLogsByType","decl":{"start":{"line":64,"column":1},"end":{"line":66,"column":2}},"loc":{"start":{"line":64,"column":1},"end":{"line":66,"column":2}},"line":64},"9":{"name":"getLogsByDate","decl":{"start":{"line":68,"column":1},"end":{"line":70,"column":2}},"loc":{"start":{"line":68,"column":1},"end":{"line":70,"column":2}},"line":68},"10":{"name":"clearLogs","decl":{"start":{"line":72,"column":1},"end":{"line":75,"column":2}},"loc":{"start":{"line":72,"column":1},"end":{"line":75,"column":2}},"line":72},"11":{"name":"addLog","decl":{"start":{"line":77,"column":9},"end":{"line":86,"column":2}},"loc":{"start":{"line":77,"column":9},"end":{"line":86,"column":2}},"line":77},"12":{"name":"saveToStorage","decl":{"start":{"line":88,"column":9},"end":{"line":96,"column":2}},"loc":{"start":{"line":88,"column":9},"end":{"line":96,"column":2}},"line":88},"13":{"name":"loadFromStorage","decl":{"start":{"line":98,"column":9},"end":{"line":110,"column":2}},"loc":{"start":{"line":98,"column":9},"end":{"line":110,"column":2}},"line":98},"14":{"name":"removeFromStorage","decl":{"start":{"line":112,"column":9},"end":{"line":120,"column":2}},"loc":{"start":{"line":112,"column":9},"end":{"line":120,"column":2}},"line":112},"15":{"name":"getSalesTotal","decl":{"start":{"line":122,"column":1},"end":{"line":128,"column":2}},"loc":{"start":{"line":122,"column":1},"end":{"line":128,"column":2}},"line":122},"16":{"name":"getMostPopularProduct","decl":{"start":{"line":130,"column":1},"end":{"line":148,"column":2}},"loc":{"start":{"line":130,"column":1},"end":{"line":148,"column":2}},"line":130},"17":{"name":"getTodaysRevenue","decl":{"start":{"line":150,"column":1},"end":{"line":153,"column":2}},"loc":{"start":{"line":150,"column":1},"end":{"line":153,"column":2}},"line":150},"18":{"name":"getTodaysSalesCount","decl":{"start":{"line":155,"column":1},"end":{"line":158,"column":2}},"loc":{"start":{"line":155,"column":1},"end":{"line":158,"column":2}},"line":155}},"f":{"0":15,"1":13,"2":16,"3":12,"4":19,"5":13,"6":1,"7":4,"8":13,"9":3,"10":16,"11":33,"12":33,"13":13,"14":16,"15":2,"16":1,"17":1,"18":1}}
,"C:\\Users\\escaf\\Documents\\Ynov\\Ynov\\vending-machine-svelte\\src\\core\\money\\ChangeCalculator.ts": {"path":"C:\\Users\\escaf\\Documents\\Ynov\\Ynov\\vending-machine-svelte\\src\\core\\money\\ChangeCalculator.ts","all":false,"statementMap":{"0":{"start":{"line":1,"column":0},"end":{"line":1,"column":31}},"2":{"start":{"line":3,"column":0},"end":{"line":3,"column":41}},"3":{"start":{"line":4,"column":0},"end":{"line":4,"column":23}},"4":{"start":{"line":5,"column":0},"end":{"line":5,"column":43}},"5":{"start":{"line":6,"column":0},"end":{"line":6,"column":24}},"6":{"start":{"line":7,"column":0},"end":{"line":7,"column":27}},"7":{"start":{"line":8,"column":0},"end":{"line":8,"column":22}},"8":{"start":{"line":9,"column":0},"end":{"line":9,"column":9}},"10":{"start":{"line":11,"column":0},"end":{"line":11,"column":40}},"11":{"start":{"line":12,"column":0},"end":{"line":12,"column":24}},"12":{"start":{"line":13,"column":0},"end":{"line":13,"column":9}},"14":{"start":{"line":15,"column":0},"end":{"line":15,"column":36}},"15":{"start":{"line":16,"column":0},"end":{"line":16,"column":37}},"17":{"start":{"line":18,"column":0},"end":{"line":18,"column":89}},"19":{"start":{"line":20,"column":0},"end":{"line":20,"column":51}},"20":{"start":{"line":21,"column":0},"end":{"line":21,"column":94}},"22":{"start":{"line":23,"column":0},"end":{"line":23,"column":72}},"23":{"start":{"line":24,"column":0},"end":{"line":24,"column":39}},"24":{"start":{"line":25,"column":0},"end":{"line":25,"column":45}},"25":{"start":{"line":26,"column":0},"end":{"line":26,"column":33}},"26":{"start":{"line":27,"column":0},"end":{"line":27,"column":13}},"27":{"start":{"line":28,"column":0},"end":{"line":28,"column":9}},"29":{"start":{"line":30,"column":0},"end":{"line":30,"column":36}},"30":{"start":{"line":31,"column":0},"end":{"line":31,"column":26}},"31":{"start":{"line":32,"column":0},"end":{"line":32,"column":16}},"32":{"start":{"line":33,"column":0},"end":{"line":33,"column":24}},"33":{"start":{"line":34,"column":0},"end":{"line":34,"column":9}},"34":{"start":{"line":35,"column":0},"end":{"line":35,"column":5}},"35":{"start":{"line":36,"column":0},"end":{"line":36,"column":1}}},"s":{"0":1,"2":1,"3":21,"4":21,"5":21,"6":21,"7":2,"8":2,"10":21,"11":1,"12":1,"14":18,"15":18,"17":18,"19":21,"20":70,"22":70,"23":27,"24":27,"25":27,"26":27,"27":70,"29":21,"30":16,"31":21,"32":2,"33":2,"34":21,"35":1},"branchMap":{"0":{"type":"branch","line":3,"loc":{"start":{"line":3,"column":18},"end":{"line":35,"column":5}},"locations":[{"start":{"line":3,"column":18},"end":{"line":35,"column":5}}]},"1":{"type":"branch","line":7,"loc":{"start":{"line":7,"column":26},"end":{"line":9,"column":9}},"locations":[{"start":{"line":7,"column":26},"end":{"line":9,"column":9}}]},"2":{"type":"branch","line":9,"loc":{"start":{"line":9,"column":8},"end":{"line":11,"column":39}},"locations":[{"start":{"line":9,"column":8},"end":{"line":11,"column":39}}]},"3":{"type":"branch","line":11,"loc":{"start":{"line":11,"column":39},"end":{"line":13,"column":9}},"locations":[{"start":{"line":11,"column":39},"end":{"line":13,"column":9}}]},"4":{"type":"branch","line":13,"loc":{"start":{"line":13,"column":8},"end":{"line":20,"column":50}},"locations":[{"start":{"line":13,"column":8},"end":{"line":20,"column":50}}]},"5":{"type":"branch","line":20,"loc":{"start":{"line":20,"column":50},"end":{"line":28,"column":9}},"locations":[{"start":{"line":20,"column":50},"end":{"line":28,"column":9}}]},"6":{"type":"branch","line":21,"loc":{"start":{"line":21,"column":61},"end":{"line":21,"column":94}},"locations":[{"start":{"line":21,"column":61},"end":{"line":21,"column":94}}]},"7":{"type":"branch","line":23,"loc":{"start":{"line":23,"column":38},"end":{"line":23,"column":71}},"locations":[{"start":{"line":23,"column":38},"end":{"line":23,"column":71}}]},"8":{"type":"branch","line":23,"loc":{"start":{"line":23,"column":71},"end":{"line":27,"column":13}},"locations":[{"start":{"line":23,"column":71},"end":{"line":27,"column":13}}]},"9":{"type":"branch","line":28,"loc":{"start":{"line":28,"column":8},"end":{"line":30,"column":35}},"locations":[{"start":{"line":28,"column":8},"end":{"line":30,"column":35}}]},"10":{"type":"branch","line":30,"loc":{"start":{"line":30,"column":35},"end":{"line":32,"column":15}},"locations":[{"start":{"line":30,"column":35},"end":{"line":32,"column":15}}]},"11":{"type":"branch","line":32,"loc":{"start":{"line":32,"column":8},"end":{"line":34,"column":9}},"locations":[{"start":{"line":32,"column":8},"end":{"line":34,"column":9}}]},"12":{"type":"branch","line":18,"loc":{"start":{"line":18,"column":72},"end":{"line":18,"column":87}},"locations":[{"start":{"line":18,"column":72},"end":{"line":18,"column":87}}]}},"b":{"0":[21],"1":[2],"2":[19],"3":[1],"4":[18],"5":[70],"6":[0],"7":[28],"8":[27],"9":[18],"10":[16],"11":[2],"12":[52]},"fnMap":{"0":{"name":"calculateOptimalChange","decl":{"start":{"line":3,"column":18},"end":{"line":35,"column":5}},"loc":{"start":{"line":3,"column":18},"end":{"line":35,"column":5}},"line":3}},"f":{"0":21}}
,"C:\\Users\\escaf\\Documents\\Ynov\\Ynov\\vending-machine-svelte\\src\\core\\money\\CoinStock.ts": {"path":"C:\\Users\\escaf\\Documents\\Ynov\\Ynov\\vending-machine-svelte\\src\\core\\money\\CoinStock.ts","all":false,"statementMap":{"0":{"start":{"line":1,"column":0},"end":{"line":1,"column":54}},"2":{"start":{"line":3,"column":0},"end":{"line":3,"column":24}},"3":{"start":{"line":4,"column":0},"end":{"line":4,"column":39}},"5":{"start":{"line":6,"column":0},"end":{"line":6,"column":19}},"6":{"start":{"line":7,"column":0},"end":{"line":7,"column":31}},"7":{"start":{"line":8,"column":0},"end":{"line":8,"column":5}},"9":{"start":{"line":10,"column":0},"end":{"line":10,"column":51}},"10":{"start":{"line":11,"column":0},"end":{"line":11,"column":83}},"11":{"start":{"line":12,"column":0},"end":{"line":12,"column":31}},"12":{"start":{"line":13,"column":0},"end":{"line":13,"column":5}},"14":{"start":{"line":15,"column":0},"end":{"line":15,"column":56}},"15":{"start":{"line":16,"column":0},"end":{"line":16,"column":91}},"17":{"start":{"line":18,"column":0},"end":{"line":18,"column":38}},"18":{"start":{"line":19,"column":0},"end":{"line":19,"column":24}},"19":{"start":{"line":20,"column":0},"end":{"line":20,"column":9}},"21":{"start":{"line":22,"column":0},"end":{"line":22,"column":45}},"22":{"start":{"line":23,"column":0},"end":{"line":23,"column":64}},"23":{"start":{"line":24,"column":0},"end":{"line":24,"column":56}},"24":{"start":{"line":25,"column":0},"end":{"line":25,"column":11}},"26":{"start":{"line":27,"column":0},"end":{"line":27,"column":30}},"27":{"start":{"line":28,"column":0},"end":{"line":28,"column":5}},"29":{"start":{"line":30,"column":0},"end":{"line":30,"column":64}},"30":{"start":{"line":31,"column":0},"end":{"line":31,"column":28}},"31":{"start":{"line":32,"column":0},"end":{"line":32,"column":19}},"32":{"start":{"line":33,"column":0},"end":{"line":33,"column":9}},"34":{"start":{"line":35,"column":0},"end":{"line":35,"column":60}},"35":{"start":{"line":36,"column":0},"end":{"line":36,"column":59}},"36":{"start":{"line":37,"column":0},"end":{"line":37,"column":5}},"38":{"start":{"line":39,"column":0},"end":{"line":39,"column":52}},"39":{"start":{"line":40,"column":0},"end":{"line":40,"column":46}},"40":{"start":{"line":41,"column":0},"end":{"line":41,"column":5}},"42":{"start":{"line":43,"column":0},"end":{"line":43,"column":47}},"43":{"start":{"line":44,"column":0},"end":{"line":44,"column":35}},"44":{"start":{"line":45,"column":0},"end":{"line":45,"column":5}},"45":{"start":{"line":46,"column":0},"end":{"line":46,"column":1}}},"s":{"0":1,"2":1,"3":25,"5":25,"6":25,"7":25,"9":25,"10":6,"11":6,"12":6,"14":25,"15":7,"17":7,"18":0,"19":0,"21":7,"22":7,"23":7,"24":7,"26":7,"27":7,"29":25,"30":92,"31":1,"32":1,"34":91,"35":92,"36":92,"38":25,"39":6,"40":6,"42":25,"43":2,"44":2,"45":25},"branchMap":{"0":{"type":"branch","line":3,"loc":{"start":{"line":3,"column":23},"end":{"line":46,"column":1}},"locations":[{"start":{"line":3,"column":23},"end":{"line":46,"column":1}}]},"1":{"type":"branch","line":6,"loc":{"start":{"line":6,"column":4},"end":{"line":8,"column":5}},"locations":[{"start":{"line":6,"column":4},"end":{"line":8,"column":5}}]},"2":{"type":"branch","line":10,"loc":{"start":{"line":10,"column":11},"end":{"line":13,"column":5}},"locations":[{"start":{"line":10,"column":11},"end":{"line":13,"column":5}}]},"3":{"type":"branch","line":15,"loc":{"start":{"line":15,"column":11},"end":{"line":28,"column":5}},"locations":[{"start":{"line":15,"column":11},"end":{"line":28,"column":5}}]},"4":{"type":"branch","line":18,"loc":{"start":{"line":18,"column":37},"end":{"line":20,"column":9}},"locations":[{"start":{"line":18,"column":37},"end":{"line":20,"column":9}}]},"5":{"type":"branch","line":22,"loc":{"start":{"line":22,"column":31},"end":{"line":25,"column":9}},"locations":[{"start":{"line":22,"column":31},"end":{"line":25,"column":9}}]},"6":{"type":"branch","line":23,"loc":{"start":{"line":23,"column":57},"end":{"line":23,"column":64}},"locations":[{"start":{"line":23,"column":57},"end":{"line":23,"column":64}}]},"7":{"type":"branch","line":30,"loc":{"start":{"line":30,"column":11},"end":{"line":37,"column":5}},"locations":[{"start":{"line":30,"column":11},"end":{"line":37,"column":5}}]},"8":{"type":"branch","line":31,"loc":{"start":{"line":31,"column":27},"end":{"line":33,"column":9}},"locations":[{"start":{"line":31,"column":27},"end":{"line":33,"column":9}}]},"9":{"type":"branch","line":33,"loc":{"start":{"line":33,"column":8},"end":{"line":35,"column":60}},"locations":[{"start":{"line":33,"column":8},"end":{"line":35,"column":60}}]},"10":{"type":"branch","line":39,"loc":{"start":{"line":39,"column":11},"end":{"line":41,"column":5}},"locations":[{"start":{"line":39,"column":11},"end":{"line":41,"column":5}}]},"11":{"type":"branch","line":40,"loc":{"start":{"line":40,"column":39},"end":{"line":40,"column":46}},"locations":[{"start":{"line":40,"column":39},"end":{"line":40,"column":46}}]},"12":{"type":"branch","line":43,"loc":{"start":{"line":43,"column":11},"end":{"line":45,"column":5}},"locations":[{"start":{"line":43,"column":11},"end":{"line":45,"column":5}}]}},"b":{"0":[25],"1":[25],"2":[6],"3":[7],"4":[0],"5":[7],"6":[0],"7":[92],"8":[1],"9":[91],"10":[6],"11":[1],"12":[2]},"fnMap":{"0":{"name":"<instance_members_initializer>","decl":{"start":{"line":3,"column":23},"end":{"line":46,"column":1}},"loc":{"start":{"line":3,"column":23},"end":{"line":46,"column":1}},"line":3},"1":{"name":"CoinStock","decl":{"start":{"line":6,"column":4},"end":{"line":8,"column":5}},"loc":{"start":{"line":6,"column":4},"end":{"line":8,"column":5}},"line":6},"2":{"name":"canMakeChange","decl":{"start":{"line":10,"column":11},"end":{"line":13,"column":5}},"loc":{"start":{"line":10,"column":11},"end":{"line":13,"column":5}},"line":10},"3":{"name":"makeChange","decl":{"start":{"line":15,"column":11},"end":{"line":28,"column":5}},"loc":{"start":{"line":15,"column":11},"end":{"line":28,"column":5}},"line":15},"4":{"name":"addCoins","decl":{"start":{"line":30,"column":11},"end":{"line":37,"column":5}},"loc":{"start":{"line":30,"column":11},"end":{"line":37,"column":5}},"line":30},"5":{"name":"getCoinCount","decl":{"start":{"line":39,"column":11},"end":{"line":41,"column":5}},"loc":{"start":{"line":39,"column":11},"end":{"line":41,"column":5}},"line":39},"6":{"name":"getAllCoins","decl":{"start":{"line":43,"column":11},"end":{"line":45,"column":5}},"loc":{"start":{"line":43,"column":11},"end":{"line":45,"column":5}},"line":43}},"f":{"0":25,"1":25,"2":6,"3":7,"4":92,"5":6,"6":2}}
,"C:\\Users\\escaf\\Documents\\Ynov\\Ynov\\vending-machine-svelte\\src\\lib\\index.ts": {"path":"C:\\Users\\escaf\\Documents\\Ynov\\Ynov\\vending-machine-svelte\\src\\lib\\index.ts","all":true,"statementMap":{},"s":{},"branchMap":{"0":{"type":"branch","line":1,"loc":{"start":{"line":1,"column":74},"end":{"line":1,"column":74}},"locations":[{"start":{"line":1,"column":74},"end":{"line":1,"column":74}}]}},"b":{"0":[1]},"fnMap":{"0":{"name":"(empty-report)","decl":{"start":{"line":1,"column":74},"end":{"line":1,"column":74}},"loc":{"start":{"line":1,"column":74},"end":{"line":1,"column":74}},"line":1}},"f":{"0":1}}
,"C:\\Users\\escaf\\Documents\\Ynov\\Ynov\\vending-machine-svelte\\src\\lib\\components\\Logger.svelte": {"path":"C:\\Users\\escaf\\Documents\\Ynov\\Ynov\\vending-machine-svelte\\src\\lib\\components\\Logger.svelte","all":true,"statementMap":{"6":{"start":{"line":7,"column":0},"end":{"line":7,"column":31}},"7":{"start":{"line":8,"column":0},"end":{"line":8,"column":33}},"8":{"start":{"line":9,"column":0},"end":{"line":9,"column":64}},"10":{"start":{"line":11,"column":0},"end":{"line":11,"column":48}},"12":{"start":{"line":13,"column":0},"end":{"line":13,"column":69}},"13":{"start":{"line":14,"column":0},"end":{"line":14,"column":71}},"14":{"start":{"line":15,"column":0},"end":{"line":15,"column":72}},"15":{"start":{"line":16,"column":0},"end":{"line":16,"column":102}},"17":{"start":{"line":18,"column":0},"end":{"line":18,"column":85}},"19":{"start":{"line":20,"column":0},"end":{"line":20,"column":29}},"21":{"start":{"line":22,"column":0},"end":{"line":22,"column":16}},"22":{"start":{"line":23,"column":0},"end":{"line":23,"column":43}},"23":{"start":{"line":24,"column":0},"end":{"line":24,"column":16}},"25":{"start":{"line":26,"column":0},"end":{"line":26,"column":51}},"27":{"start":{"line":28,"column":0},"end":{"line":28,"column":38}},"28":{"start":{"line":29,"column":0},"end":{"line":29,"column":66}},"29":{"start":{"line":30,"column":0},"end":{"line":30,"column":3}},"30":{"start":{"line":31,"column":0},"end":{"line":31,"column":4}},"32":{"start":{"line":33,"column":0},"end":{"line":33,"column":18}},"33":{"start":{"line":34,"column":0},"end":{"line":34,"column":54}},"34":{"start":{"line":35,"column":0},"end":{"line":35,"column":38}},"35":{"start":{"line":36,"column":0},"end":{"line":36,"column":69}},"36":{"start":{"line":37,"column":0},"end":{"line":37,"column":3}},"37":{"start":{"line":38,"column":0},"end":{"line":38,"column":4}},"39":{"start":{"line":40,"column":0},"end":{"line":40,"column":38}},"40":{"start":{"line":41,"column":0},"end":{"line":41,"column":43}},"41":{"start":{"line":42,"column":0},"end":{"line":42,"column":36}},"42":{"start":{"line":43,"column":0},"end":{"line":43,"column":2}},"44":{"start":{"line":45,"column":0},"end":{"line":45,"column":25}},"45":{"start":{"line":46,"column":0},"end":{"line":46,"column":15}},"46":{"start":{"line":47,"column":0},"end":{"line":47,"column":44}},"47":{"start":{"line":48,"column":0},"end":{"line":48,"column":69}},"49":{"start":{"line":50,"column":0},"end":{"line":50,"column":3}},"50":{"start":{"line":51,"column":0},"end":{"line":51,"column":2}},"52":{"start":{"line":53,"column":0},"end":{"line":53,"column":23}},"53":{"start":{"line":54,"column":0},"end":{"line":54,"column":45}},"54":{"start":{"line":55,"column":0},"end":{"line":55,"column":22}},"55":{"start":{"line":56,"column":0},"end":{"line":56,"column":13}},"56":{"start":{"line":57,"column":0},"end":{"line":57,"column":3}},"57":{"start":{"line":58,"column":0},"end":{"line":58,"column":2}},"59":{"start":{"line":60,"column":0},"end":{"line":60,"column":49}},"60":{"start":{"line":61,"column":0},"end":{"line":61,"column":53}},"61":{"start":{"line":62,"column":0},"end":{"line":62,"column":2}},"63":{"start":{"line":64,"column":0},"end":{"line":64,"column":46}},"64":{"start":{"line":65,"column":0},"end":{"line":65,"column":40}},"65":{"start":{"line":66,"column":0},"end":{"line":66,"column":2}},"67":{"start":{"line":68,"column":0},"end":{"line":68,"column":45}},"68":{"start":{"line":69,"column":0},"end":{"line":69,"column":45}},"69":{"start":{"line":70,"column":0},"end":{"line":70,"column":55}},"70":{"start":{"line":71,"column":0},"end":{"line":71,"column":2}},"72":{"start":{"line":73,"column":0},"end":{"line":73,"column":44}},"73":{"start":{"line":74,"column":0},"end":{"line":74,"column":33}},"74":{"start":{"line":75,"column":0},"end":{"line":75,"column":33}},"75":{"start":{"line":76,"column":0},"end":{"line":76,"column":2}},"87":{"start":{"line":88,"column":0},"end":{"line":88,"column":71}},"91":{"start":{"line":92,"column":0},"end":{"line":92,"column":80}},"95":{"start":{"line":96,"column":0},"end":{"line":96,"column":71}},"99":{"start":{"line":100,"column":0},"end":{"line":100,"column":72}},"106":{"start":{"line":107,"column":0},"end":{"line":107,"column":54}},"108":{"start":{"line":109,"column":0},"end":{"line":109,"column":55}},"109":{"start":{"line":110,"column":0},"end":{"line":110,"column":33}},"110":{"start":{"line":111,"column":0},"end":{"line":111,"column":56}},"111":{"start":{"line":112,"column":0},"end":{"line":112,"column":43}},"113":{"start":{"line":114,"column":0},"end":{"line":114,"column":54}},"120":{"start":{"line":121,"column":0},"end":{"line":121,"column":26}},"126":{"start":{"line":127,"column":0},"end":{"line":127,"column":24}},"136":{"start":{"line":137,"column":0},"end":{"line":137,"column":46}},"139":{"start":{"line":140,"column":0},"end":{"line":140,"column":34}},"145":{"start":{"line":146,"column":0},"end":{"line":146,"column":38}},"147":{"start":{"line":148,"column":0},"end":{"line":148,"column":58}},"150":{"start":{"line":151,"column":0},"end":{"line":151,"column":74}},"151":{"start":{"line":152,"column":0},"end":{"line":152,"column":79}},"154":{"start":{"line":155,"column":0},"end":{"line":155,"column":33}},"155":{"start":{"line":156,"column":0},"end":{"line":156,"column":39}},"157":{"start":{"line":158,"column":0},"end":{"line":158,"column":68}},"158":{"start":{"line":159,"column":0},"end":{"line":159,"column":37}},"159":{"start":{"line":160,"column":0},"end":{"line":160,"column":45}},"161":{"start":{"line":162,"column":0},"end":{"line":162,"column":39}},"162":{"start":{"line":163,"column":0},"end":{"line":163,"column":41}},"164":{"start":{"line":165,"column":0},"end":{"line":165,"column":62}},"165":{"start":{"line":166,"column":0},"end":{"line":166,"column":41}},"166":{"start":{"line":167,"column":0},"end":{"line":167,"column":49}},"169":{"start":{"line":170,"column":0},"end":{"line":170,"column":41}},"170":{"start":{"line":171,"column":0},"end":{"line":171,"column":45}},"172":{"start":{"line":173,"column":0},"end":{"line":173,"column":73}},"173":{"start":{"line":174,"column":0},"end":{"line":174,"column":37}},"177":{"start":{"line":178,"column":0},"end":{"line":178,"column":27}},"179":{"start":{"line":180,"column":0},"end":{"line":180,"column":44}}},"s":{"6":0,"7":0,"8":0,"10":0,"12":0,"13":0,"14":0,"15":0,"17":0,"19":0,"21":0,"22":0,"23":0,"25":0,"27":0,"28":0,"29":0,"30":0,"32":0,"33":0,"34":0,"35":0,"36":0,"37":0,"39":0,"40":0,"41":0,"42":0,"44":0,"45":0,"46":0,"47":0,"49":0,"50":0,"52":0,"53":0,"54":0,"55":0,"56":0,"57":0,"59":0,"60":0,"61":0,"63":0,"64":0,"65":0,"67":0,"68":0,"69":0,"70":0,"72":0,"73":0,"74":0,"75":0,"87":0,"91":0,"95":0,"99":0,"106":0,"108":0,"109":0,"110":0,"111":0,"113":0,"120":0,"126":0,"136":0,"139":0,"145":0,"147":0,"150":0,"151":0,"154":0,"155":0,"157":0,"158":0,"159":0,"161":0,"162":0,"164":0,"165":0,"166":0,"169":0,"170":0,"172":0,"173":0,"177":0,"179":0},"branchMap":{"0":{"type":"branch","line":1,"loc":{"start":{"line":1,"column":6229},"end":{"line":194,"column":6}},"locations":[{"start":{"line":1,"column":6229},"end":{"line":194,"column":6}}]}},"b":{"0":[1]},"fnMap":{"0":{"name":"(empty-report)","decl":{"start":{"line":1,"column":6229},"end":{"line":194,"column":6}},"loc":{"start":{"line":1,"column":6229},"end":{"line":194,"column":6}},"line":1}},"f":{"0":1}}
,"C:\\Users\\escaf\\Documents\\Ynov\\Ynov\\vending-machine-svelte\\src\\lib\\components\\VendingMachine.svelte": {"path":"C:\\Users\\escaf\\Documents\\Ynov\\Ynov\\vending-machine-svelte\\src\\lib\\components\\VendingMachine.svelte","all":true,"statementMap":{"11":{"start":{"line":12,"column":0},"end":{"line":12,"column":49}},"12":{"start":{"line":13,"column":0},"end":{"line":13,"column":55}},"14":{"start":{"line":15,"column":0},"end":{"line":15,"column":55}},"16":{"start":{"line":17,"column":0},"end":{"line":17,"column":39}},"17":{"start":{"line":18,"column":0},"end":{"line":18,"column":94}},"18":{"start":{"line":19,"column":0},"end":{"line":19,"column":73}},"19":{"start":{"line":20,"column":0},"end":{"line":20,"column":42}},"20":{"start":{"line":21,"column":0},"end":{"line":21,"column":40}},"21":{"start":{"line":22,"column":0},"end":{"line":22,"column":41}},"23":{"start":{"line":24,"column":0},"end":{"line":24,"column":57}},"25":{"start":{"line":26,"column":0},"end":{"line":26,"column":16}},"26":{"start":{"line":27,"column":0},"end":{"line":27,"column":25}},"27":{"start":{"line":28,"column":0},"end":{"line":28,"column":75}},"28":{"start":{"line":29,"column":0},"end":{"line":29,"column":4}},"30":{"start":{"line":31,"column":0},"end":{"line":31,"column":34}},"31":{"start":{"line":32,"column":0},"end":{"line":32,"column":52}},"32":{"start":{"line":33,"column":0},"end":{"line":33,"column":2}},"34":{"start":{"line":35,"column":0},"end":{"line":35,"column":45}},"35":{"start":{"line":36,"column":0},"end":{"line":36,"column":7}},"36":{"start":{"line":37,"column":0},"end":{"line":37,"column":38}},"37":{"start":{"line":38,"column":0},"end":{"line":38,"column":26}},"38":{"start":{"line":39,"column":0},"end":{"line":39,"column":39}},"39":{"start":{"line":40,"column":0},"end":{"line":40,"column":53}},"40":{"start":{"line":41,"column":0},"end":{"line":41,"column":28}},"41":{"start":{"line":42,"column":0},"end":{"line":42,"column":38}},"42":{"start":{"line":43,"column":0},"end":{"line":43,"column":49}},"43":{"start":{"line":44,"column":0},"end":{"line":44,"column":3}},"44":{"start":{"line":45,"column":0},"end":{"line":45,"column":2}},"46":{"start":{"line":47,"column":0},"end":{"line":47,"column":45}},"47":{"start":{"line":48,"column":0},"end":{"line":48,"column":7}},"48":{"start":{"line":49,"column":0},"end":{"line":49,"column":54}},"49":{"start":{"line":50,"column":0},"end":{"line":50,"column":76}},"50":{"start":{"line":51,"column":0},"end":{"line":51,"column":61}},"51":{"start":{"line":52,"column":0},"end":{"line":52,"column":28}},"52":{"start":{"line":53,"column":0},"end":{"line":53,"column":38}},"53":{"start":{"line":54,"column":0},"end":{"line":54,"column":49}},"54":{"start":{"line":55,"column":0},"end":{"line":55,"column":30}},"55":{"start":{"line":56,"column":0},"end":{"line":56,"column":3}},"56":{"start":{"line":57,"column":0},"end":{"line":57,"column":2}},"58":{"start":{"line":59,"column":0},"end":{"line":59,"column":36}},"59":{"start":{"line":60,"column":0},"end":{"line":60,"column":7}},"60":{"start":{"line":61,"column":0},"end":{"line":61,"column":52}},"62":{"start":{"line":63,"column":0},"end":{"line":63,"column":94}},"63":{"start":{"line":64,"column":0},"end":{"line":64,"column":43}},"65":{"start":{"line":66,"column":0},"end":{"line":66,"column":42}},"66":{"start":{"line":67,"column":0},"end":{"line":67,"column":22}},"67":{"start":{"line":68,"column":0},"end":{"line":68,"column":26}},"69":{"start":{"line":70,"column":0},"end":{"line":70,"column":37}},"70":{"start":{"line":71,"column":0},"end":{"line":71,"column":16}},"71":{"start":{"line":72,"column":0},"end":{"line":72,"column":101}},"72":{"start":{"line":73,"column":0},"end":{"line":73,"column":14}},"74":{"start":{"line":75,"column":0},"end":{"line":75,"column":4}},"76":{"start":{"line":77,"column":0},"end":{"line":77,"column":30}},"77":{"start":{"line":78,"column":0},"end":{"line":78,"column":28}},"78":{"start":{"line":79,"column":0},"end":{"line":79,"column":38}},"79":{"start":{"line":80,"column":0},"end":{"line":80,"column":49}},"80":{"start":{"line":81,"column":0},"end":{"line":81,"column":3}},"81":{"start":{"line":82,"column":0},"end":{"line":82,"column":2}},"83":{"start":{"line":84,"column":0},"end":{"line":84,"column":31}},"84":{"start":{"line":85,"column":0},"end":{"line":85,"column":7}},"85":{"start":{"line":86,"column":0},"end":{"line":86,"column":58}},"86":{"start":{"line":87,"column":0},"end":{"line":87,"column":48}},"87":{"start":{"line":88,"column":0},"end":{"line":88,"column":83}},"89":{"start":{"line":90,"column":0},"end":{"line":90,"column":62}},"90":{"start":{"line":91,"column":0},"end":{"line":91,"column":38}},"91":{"start":{"line":92,"column":0},"end":{"line":92,"column":23}},"92":{"start":{"line":93,"column":0},"end":{"line":93,"column":53}},"93":{"start":{"line":94,"column":0},"end":{"line":94,"column":5}},"95":{"start":{"line":96,"column":0},"end":{"line":96,"column":25}},"96":{"start":{"line":97,"column":0},"end":{"line":97,"column":27}},"97":{"start":{"line":98,"column":0},"end":{"line":98,"column":4}},"98":{"start":{"line":99,"column":0},"end":{"line":99,"column":28}},"99":{"start":{"line":100,"column":0},"end":{"line":100,"column":38}},"100":{"start":{"line":101,"column":0},"end":{"line":101,"column":49}},"101":{"start":{"line":102,"column":0},"end":{"line":102,"column":3}},"102":{"start":{"line":103,"column":0},"end":{"line":103,"column":2}},"104":{"start":{"line":105,"column":0},"end":{"line":105,"column":55}},"105":{"start":{"line":106,"column":0},"end":{"line":106,"column":33}},"106":{"start":{"line":107,"column":0},"end":{"line":107,"column":46}},"107":{"start":{"line":108,"column":0},"end":{"line":108,"column":2}},"109":{"start":{"line":110,"column":0},"end":{"line":110,"column":46}},"110":{"start":{"line":111,"column":0},"end":{"line":111,"column":40}},"111":{"start":{"line":112,"column":0},"end":{"line":112,"column":2}},"113":{"start":{"line":114,"column":0},"end":{"line":114,"column":45}},"114":{"start":{"line":115,"column":0},"end":{"line":115,"column":21}},"115":{"start":{"line":116,"column":0},"end":{"line":116,"column":30}},"116":{"start":{"line":117,"column":0},"end":{"line":117,"column":10}},"117":{"start":{"line":118,"column":0},"end":{"line":118,"column":22}},"118":{"start":{"line":119,"column":0},"end":{"line":119,"column":3}},"119":{"start":{"line":120,"column":0},"end":{"line":120,"column":2}},"121":{"start":{"line":122,"column":0},"end":{"line":122,"column":49}},"122":{"start":{"line":123,"column":0},"end":{"line":123,"column":87}},"123":{"start":{"line":124,"column":0},"end":{"line":124,"column":32}},"124":{"start":{"line":125,"column":0},"end":{"line":125,"column":2}},"126":{"start":{"line":127,"column":0},"end":{"line":127,"column":48}},"127":{"start":{"line":128,"column":0},"end":{"line":128,"column":79}},"128":{"start":{"line":129,"column":0},"end":{"line":129,"column":29}},"129":{"start":{"line":130,"column":0},"end":{"line":130,"column":2}},"131":{"start":{"line":132,"column":0},"end":{"line":132,"column":47}},"132":{"start":{"line":133,"column":0},"end":{"line":133,"column":70}},"133":{"start":{"line":134,"column":0},"end":{"line":134,"column":65}},"134":{"start":{"line":135,"column":0},"end":{"line":135,"column":48}},"135":{"start":{"line":136,"column":0},"end":{"line":136,"column":2}},"137":{"start":{"line":138,"column":0},"end":{"line":138,"column":71}},"138":{"start":{"line":139,"column":0},"end":{"line":139,"column":90}},"139":{"start":{"line":140,"column":0},"end":{"line":140,"column":32}},"140":{"start":{"line":141,"column":0},"end":{"line":141,"column":2}},"142":{"start":{"line":143,"column":0},"end":{"line":143,"column":38}},"143":{"start":{"line":144,"column":0},"end":{"line":144,"column":79}},"144":{"start":{"line":145,"column":0},"end":{"line":145,"column":4}},"145":{"start":{"line":146,"column":0},"end":{"line":146,"column":42}},"146":{"start":{"line":147,"column":0},"end":{"line":147,"column":89}},"147":{"start":{"line":148,"column":0},"end":{"line":148,"column":4}},"148":{"start":{"line":149,"column":0},"end":{"line":149,"column":45}},"158":{"start":{"line":159,"column":0},"end":{"line":159,"column":89}},"159":{"start":{"line":160,"column":0},"end":{"line":160,"column":32}},"160":{"start":{"line":161,"column":0},"end":{"line":161,"column":55}},"161":{"start":{"line":162,"column":0},"end":{"line":162,"column":44}},"166":{"start":{"line":167,"column":0},"end":{"line":167,"column":86}},"167":{"start":{"line":168,"column":0},"end":{"line":168,"column":34}},"168":{"start":{"line":169,"column":0},"end":{"line":169,"column":55}},"169":{"start":{"line":170,"column":0},"end":{"line":170,"column":41}},"177":{"start":{"line":178,"column":0},"end":{"line":178,"column":32}},"189":{"start":{"line":190,"column":0},"end":{"line":190,"column":49}},"191":{"start":{"line":192,"column":0},"end":{"line":192,"column":318}},"192":{"start":{"line":193,"column":0},"end":{"line":193,"column":58}},"195":{"start":{"line":196,"column":0},"end":{"line":196,"column":73}},"196":{"start":{"line":197,"column":0},"end":{"line":197,"column":79}},"197":{"start":{"line":198,"column":0},"end":{"line":198,"column":113}},"198":{"start":{"line":199,"column":0},"end":{"line":199,"column":35}},"217":{"start":{"line":218,"column":0},"end":{"line":218,"column":72}},"219":{"start":{"line":220,"column":0},"end":{"line":220,"column":170}},"220":{"start":{"line":221,"column":0},"end":{"line":221,"column":54}},"223":{"start":{"line":224,"column":0},"end":{"line":224,"column":44}},"235":{"start":{"line":236,"column":0},"end":{"line":236,"column":92}},"240":{"start":{"line":241,"column":0},"end":{"line":241,"column":92}},"245":{"start":{"line":246,"column":0},"end":{"line":246,"column":124}},"250":{"start":{"line":251,"column":0},"end":{"line":251,"column":111}},"255":{"start":{"line":256,"column":0},"end":{"line":256,"column":74}},"262":{"start":{"line":263,"column":0},"end":{"line":263,"column":32}},"263":{"start":{"line":264,"column":0},"end":{"line":264,"column":41}},"270":{"start":{"line":271,"column":0},"end":{"line":271,"column":30}},"271":{"start":{"line":272,"column":0},"end":{"line":272,"column":36}},"277":{"start":{"line":278,"column":0},"end":{"line":278,"column":20}},"278":{"start":{"line":279,"column":0},"end":{"line":279,"column":61}},"279":{"start":{"line":280,"column":0},"end":{"line":280,"column":142}},"280":{"start":{"line":281,"column":0},"end":{"line":281,"column":26}},"284":{"start":{"line":285,"column":0},"end":{"line":285,"column":49}},"288":{"start":{"line":289,"column":0},"end":{"line":289,"column":65}},"298":{"start":{"line":299,"column":0},"end":{"line":299,"column":34}}},"s":{"11":0,"12":0,"14":0,"16":0,"17":0,"18":0,"19":0,"20":0,"21":0,"23":0,"25":0,"26":0,"27":0,"28":0,"30":0,"31":0,"32":0,"34":0,"35":0,"36":0,"37":0,"38":0,"39":0,"40":0,"41":0,"42":0,"43":0,"44":0,"46":0,"47":0,"48":0,"49":0,"50":0,"51":0,"52":0,"53":0,"54":0,"55":0,"56":0,"58":0,"59":0,"60":0,"62":0,"63":0,"65":0,"66":0,"67":0,"69":0,"70":0,"71":0,"72":0,"74":0,"76":0,"77":0,"78":0,"79":0,"80":0,"81":0,"83":0,"84":0,"85":0,"86":0,"87":0,"89":0,"90":0,"91":0,"92":0,"93":0,"95":0,"96":0,"97":0,"98":0,"99":0,"100":0,"101":0,"102":0,"104":0,"105":0,"106":0,"107":0,"109":0,"110":0,"111":0,"113":0,"114":0,"115":0,"116":0,"117":0,"118":0,"119":0,"121":0,"122":0,"123":0,"124":0,"126":0,"127":0,"128":0,"129":0,"131":0,"132":0,"133":0,"134":0,"135":0,"137":0,"138":0,"139":0,"140":0,"142":0,"143":0,"144":0,"145":0,"146":0,"147":0,"148":0,"158":0,"159":0,"160":0,"161":0,"166":0,"167":0,"168":0,"169":0,"177":0,"189":0,"191":0,"192":0,"195":0,"196":0,"197":0,"198":0,"217":0,"219":0,"220":0,"223":0,"235":0,"240":0,"245":0,"250":0,"255":0,"262":0,"263":0,"270":0,"271":0,"277":0,"278":0,"279":0,"280":0,"284":0,"288":0,"298":0},"branchMap":{"0":{"type":"branch","line":1,"loc":{"start":{"line":1,"column":11430},"end":{"line":336,"column":8}},"locations":[{"start":{"line":1,"column":11430},"end":{"line":336,"column":8}}]}},"b":{"0":[1]},"fnMap":{"0":{"name":"(empty-report)","decl":{"start":{"line":1,"column":11430},"end":{"line":336,"column":8}},"loc":{"start":{"line":1,"column":11430},"end":{"line":336,"column":8}},"line":1}},"f":{"0":1}}
,"C:\\Users\\escaf\\Documents\\Ynov\\Ynov\\vending-machine-svelte\\src\\routes\\+layout.svelte": {"path":"C:\\Users\\escaf\\Documents\\Ynov\\Ynov\\vending-machine-svelte\\src\\routes\\+layout.svelte","all":true,"statementMap":{},"s":{},"branchMap":{"0":{"type":"branch","line":1,"loc":{"start":{"line":1,"column":109},"end":{"line":7,"column":20}},"locations":[{"start":{"line":1,"column":109},"end":{"line":7,"column":20}}]}},"b":{"0":[1]},"fnMap":{"0":{"name":"(empty-report)","decl":{"start":{"line":1,"column":109},"end":{"line":7,"column":20}},"loc":{"start":{"line":1,"column":109},"end":{"line":7,"column":20}},"line":1}},"f":{"0":1}}
,"C:\\Users\\escaf\\Documents\\Ynov\\Ynov\\vending-machine-svelte\\src\\routes\\+page.svelte": {"path":"C:\\Users\\escaf\\Documents\\Ynov\\Ynov\\vending-machine-svelte\\src\\routes\\+page.svelte","all":true,"statementMap":{},"s":{},"branchMap":{"0":{"type":"branch","line":1,"loc":{"start":{"line":1,"column":136},"end":{"line":5,"column":33}},"locations":[{"start":{"line":1,"column":136},"end":{"line":5,"column":33}}]}},"b":{"0":[1]},"fnMap":{"0":{"name":"(empty-report)","decl":{"start":{"line":1,"column":136},"end":{"line":5,"column":33}},"loc":{"start":{"line":1,"column":136},"end":{"line":5,"column":33}},"line":1}},"f":{"0":1}}
}
